#! c:/iverilog-x64/bin/vvp
:ivl_version "10.1 (stable)" "(v10_1_1)";
:ivl_delay_selection "TYPICAL";
:vpi_time_precision + 0;
:vpi_module "system";
:vpi_module "vhdl_sys";
:vpi_module "v2005_math";
:vpi_module "va_math";
S_00000000011ae260 .scope module, "tb" "tb" 2 1;
 .timescale 0 0;
v000000000090e3b0_0 .var "Clk", 0 0;
v000000000090e450_0 .net/s "data_out", 7 0, v000000000090e1d0_0;  1 drivers
v000000000090e4f0_0 .var "en", 0 0;
v000000000090e590_0 .var "reset", 0 0;
S_00000000011ae3e0 .scope module, "uut" "sine_wave_gen" 2 14, 2 41 0, S_00000000011ae260;
 .timescale 0 0;
    .port_info 0 /INPUT 1 "Clk"
    .port_info 1 /OUTPUT 8 "data_out"
v00000000011ae560_0 .net "Clk", 0 0, v000000000090e3b0_0;  1 drivers
v000000000090e1d0_0 .var "data_out", 7 0;
v000000000090e270_0 .var/i "i", 31 0;
v000000000090e310 .array "sine", 359 0, 7 0;
E_00000000008c1e50 .event posedge, v00000000011ae560_0;
    .scope S_00000000011ae3e0;
T_0 ;
    %pushi/vec4 0, 0, 32;
    %store/vec4 v000000000090e270_0, 0, 32;
    %pushi/vec4 0, 0, 8;
    %ix/load 4, 0, 0;
    %flag_set/imm 4, 0;
    %store/vec4a v000000000090e310, 4, 0;
    %pushi/vec4 1, 0, 8;
    %ix/load 4, 1, 0;
    %flag_set/imm 4, 0;
    %store/vec4a v000000000090e310, 4, 0;
    %pushi/vec4 3, 0, 8;
    %ix/load 4, 2, 0;
    %flag_set/imm 4, 0;
    %store/vec4a v000000000090e310, 4, 0;
    %pushi/vec4 5, 0, 8;
    %ix/load 4, 3, 0;
    %flag_set/imm 4, 0;
    %store/vec4a v000000000090e310, 4, 0;
    %pushi/vec4 6, 0, 8;
    %ix/load 4, 4, 0;
    %flag_set/imm 4, 0;
    %store/vec4a v000000000090e310, 4, 0;
    %pushi/vec4 8, 0, 8;
    %ix/load 4, 5, 0;
    %flag_set/imm 4, 0;
    %store/vec4a v000000000090e310, 4, 0;
    %pushi/vec4 10, 0, 8;
    %ix/load 4, 6, 0;
    %flag_set/imm 4, 0;
    %store/vec4a v000000000090e310, 4, 0;
    %pushi/vec4 12, 0, 8;
    %ix/load 4, 7, 0;
    %flag_set/imm 4, 0;
    %store/vec4a v000000000090e310, 4, 0;
    %pushi/vec4 13, 0, 8;
    %ix/load 4, 8, 0;
    %flag_set/imm 4, 0;
    %store/vec4a v000000000090e310, 4, 0;
    %pushi/vec4 15, 0, 8;
    %ix/load 4, 9, 0;
    %flag_set/imm 4, 0;
    %store/vec4a v000000000090e310, 4, 0;
    %pushi/vec4 17, 0, 8;
    %ix/load 4, 10, 0;
    %flag_set/imm 4, 0;
    %store/vec4a v000000000090e310, 4, 0;
    %pushi/vec4 19, 0, 8;
    %ix/load 4, 11, 0;
    %flag_set/imm 4, 0;
    %store/vec4a v000000000090e310, 4, 0;
    %pushi/vec4 20, 0, 8;
    %ix/load 4, 12, 0;
    %flag_set/imm 4, 0;
    %store/vec4a v000000000090e310, 4, 0;
    %pushi/vec4 22, 0, 8;
    %ix/load 4, 13, 0;
    %flag_set/imm 4, 0;
    %store/vec4a v000000000090e310, 4, 0;
    %pushi/vec4 24, 0, 8;
    %ix/load 4, 14, 0;
    %flag_set/imm 4, 0;
    %store/vec4a v000000000090e310, 4, 0;
    %pushi/vec4 25, 0, 8;
    %ix/load 4, 15, 0;
    %flag_set/imm 4, 0;
    %store/vec4a v000000000090e310, 4, 0;
    %pushi/vec4 27, 0, 8;
    %ix/load 4, 16, 0;
    %flag_set/imm 4, 0;
    %store/vec4a v000000000090e310, 4, 0;
    %pushi/vec4 29, 0, 8;
    %ix/load 4, 17, 0;
    %flag_set/imm 4, 0;
    %store/vec4a v000000000090e310, 4, 0;
    %pushi/vec4 30, 0, 8;
    %ix/load 4, 18, 0;
    %flag_set/imm 4, 0;
    %store/vec4a v000000000090e310, 4, 0;
    %pushi/vec4 32, 0, 8;
    %ix/load 4, 19, 0;
    %flag_set/imm 4, 0;
    %store/vec4a v000000000090e310, 4, 0;
    %pushi/vec4 34, 0, 8;
    %ix/load 4, 20, 0;
    %flag_set/imm 4, 0;
    %store/vec4a v000000000090e310, 4, 0;
    %pushi/vec4 35, 0, 8;
    %ix/load 4, 21, 0;
    %flag_set/imm 4, 0;
    %store/vec4a v000000000090e310, 4, 0;
    %pushi/vec4 37, 0, 8;
    %ix/load 4, 22, 0;
    %flag_set/imm 4, 0;
    %store/vec4a v000000000090e310, 4, 0;
    %pushi/vec4 39, 0, 8;
    %ix/load 4, 23, 0;
    %flag_set/imm 4, 0;
    %store/vec4a v000000000090e310, 4, 0;
    %pushi/vec4 40, 0, 8;
    %ix/load 4, 24, 0;
    %flag_set/imm 4, 0;
    %store/vec4a v000000000090e310, 4, 0;
    %pushi/vec4 42, 0, 8;
    %ix/load 4, 25, 0;
    %flag_set/imm 4, 0;
    %store/vec4a v000000000090e310, 4, 0;
    %pushi/vec4 43, 0, 8;
    %ix/load 4, 26, 0;
    %flag_set/imm 4, 0;
    %store/vec4a v000000000090e310, 4, 0;
    %pushi/vec4 45, 0, 8;
    %ix/load 4, 27, 0;
    %flag_set/imm 4, 0;
    %store/vec4a v000000000090e310, 4, 0;
    %pushi/vec4 46, 0, 8;
    %ix/load 4, 28, 0;
    %flag_set/imm 4, 0;
    %store/vec4a v000000000090e310, 4, 0;
    %pushi/vec4 48, 0, 8;
    %ix/load 4, 29, 0;
    %flag_set/imm 4, 0;
    %store/vec4a v000000000090e310, 4, 0;
    %pushi/vec4 49, 0, 8;
    %ix/load 4, 30, 0;
    %flag_set/imm 4, 0;
    %store/vec4a v000000000090e310, 4, 0;
    %pushi/vec4 51, 0, 8;
    %ix/load 4, 31, 0;
    %flag_set/imm 4, 0;
    %store/vec4a v000000000090e310, 4, 0;
    %pushi/vec4 52, 0, 8;
    %ix/load 4, 32, 0;
    %flag_set/imm 4, 0;
    %store/vec4a v000000000090e310, 4, 0;
    %pushi/vec4 54, 0, 8;
    %ix/load 4, 33, 0;
    %flag_set/imm 4, 0;
    %store/vec4a v000000000090e310, 4, 0;
    %pushi/vec4 55, 0, 8;
    %ix/load 4, 34, 0;
    %flag_set/imm 4, 0;
    %store/vec4a v000000000090e310, 4, 0;
    %pushi/vec4 57, 0, 8;
    %ix/load 4, 35, 0;
    %flag_set/imm 4, 0;
    %store/vec4a v000000000090e310, 4, 0;
    %pushi/vec4 58, 0, 8;
    %ix/load 4, 36, 0;
    %flag_set/imm 4, 0;
    %store/vec4a v000000000090e310, 4, 0;
    %pushi/vec4 60, 0, 8;
    %ix/load 4, 37, 0;
    %flag_set/imm 4, 0;
    %store/vec4a v000000000090e310, 4, 0;
    %pushi/vec4 61, 0, 8;
    %ix/load 4, 38, 0;
    %flag_set/imm 4, 0;
    %store/vec4a v000000000090e310, 4, 0;
    %pushi/vec4 62, 0, 8;
    %ix/load 4, 39, 0;
    %flag_set/imm 4, 0;
    %store/vec4a v000000000090e310, 4, 0;
    %pushi/vec4 64, 0, 8;
    %ix/load 4, 40, 0;
    %flag_set/imm 4, 0;
    %store/vec4a v000000000090e310, 4, 0;
    %pushi/vec4 65, 0, 8;
    %ix/load 4, 41, 0;
    %flag_set/imm 4, 0;
    %store/vec4a v000000000090e310, 4, 0;
    %pushi/vec4 66, 0, 8;
    %ix/load 4, 42, 0;
    %flag_set/imm 4, 0;
    %store/vec4a v000000000090e310, 4, 0;
    %pushi/vec4 68, 0, 8;
    %ix/load 4, 43, 0;
    %flag_set/imm 4, 0;
    %store/vec4a v000000000090e310, 4, 0;
    %pushi/vec4 69, 0, 8;
    %ix/load 4, 44, 0;
    %flag_set/imm 4, 0;
    %store/vec4a v000000000090e310, 4, 0;
    %pushi/vec4 70, 0, 8;
    %ix/load 4, 45, 0;
    %flag_set/imm 4, 0;
    %store/vec4a v000000000090e310, 4, 0;
    %pushi/vec4 71, 0, 8;
    %ix/load 4, 46, 0;
    %flag_set/imm 4, 0;
    %store/vec4a v000000000090e310, 4, 0;
    %pushi/vec4 73, 0, 8;
    %ix/load 4, 47, 0;
    %flag_set/imm 4, 0;
    %store/vec4a v000000000090e310, 4, 0;
    %pushi/vec4 74, 0, 8;
    %ix/load 4, 48, 0;
    %flag_set/imm 4, 0;
    %store/vec4a v000000000090e310, 4, 0;
    %pushi/vec4 75, 0, 8;
    %ix/load 4, 49, 0;
    %flag_set/imm 4, 0;
    %store/vec4a v000000000090e310, 4, 0;
    %pushi/vec4 76, 0, 8;
    %ix/load 4, 50, 0;
    %flag_set/imm 4, 0;
    %store/vec4a v000000000090e310, 4, 0;
    %pushi/vec4 77, 0, 8;
    %ix/load 4, 51, 0;
    %flag_set/imm 4, 0;
    %store/vec4a v000000000090e310, 4, 0;
    %pushi/vec4 78, 0, 8;
    %ix/load 4, 52, 0;
    %flag_set/imm 4, 0;
    %store/vec4a v000000000090e310, 4, 0;
    %pushi/vec4 79, 0, 8;
    %ix/load 4, 53, 0;
    %flag_set/imm 4, 0;
    %store/vec4a v000000000090e310, 4, 0;
    %pushi/vec4 80, 0, 8;
    %ix/load 4, 54, 0;
    %flag_set/imm 4, 0;
    %store/vec4a v000000000090e310, 4, 0;
    %pushi/vec4 81, 0, 8;
    %ix/load 4, 55, 0;
    %flag_set/imm 4, 0;
    %store/vec4a v000000000090e310, 4, 0;
    %pushi/vec4 82, 0, 8;
    %ix/load 4, 56, 0;
    %flag_set/imm 4, 0;
    %store/vec4a v000000000090e310, 4, 0;
    %pushi/vec4 83, 0, 8;
    %ix/load 4, 57, 0;
    %flag_set/imm 4, 0;
    %store/vec4a v000000000090e310, 4, 0;
    %pushi/vec4 84, 0, 8;
    %ix/load 4, 58, 0;
    %flag_set/imm 4, 0;
    %store/vec4a v000000000090e310, 4, 0;
    %pushi/vec4 85, 0, 8;
    %ix/load 4, 59, 0;
    %flag_set/imm 4, 0;
    %store/vec4a v000000000090e310, 4, 0;
    %pushi/vec4 86, 0, 8;
    %ix/load 4, 60, 0;
    %flag_set/imm 4, 0;
    %store/vec4a v000000000090e310, 4, 0;
    %pushi/vec4 87, 0, 8;
    %ix/load 4, 61, 0;
    %flag_set/imm 4, 0;
    %store/vec4a v000000000090e310, 4, 0;
    %pushi/vec4 88, 0, 8;
    %ix/load 4, 62, 0;
    %flag_set/imm 4, 0;
    %store/vec4a v000000000090e310, 4, 0;
    %pushi/vec4 89, 0, 8;
    %ix/load 4, 63, 0;
    %flag_set/imm 4, 0;
    %store/vec4a v000000000090e310, 4, 0;
    %pushi/vec4 89, 0, 8;
    %ix/load 4, 64, 0;
    %flag_set/imm 4, 0;
    %store/vec4a v000000000090e310, 4, 0;
    %pushi/vec4 90, 0, 8;
    %ix/load 4, 65, 0;
    %flag_set/imm 4, 0;
    %store/vec4a v000000000090e310, 4, 0;
    %pushi/vec4 91, 0, 8;
    %ix/load 4, 66, 0;
    %flag_set/imm 4, 0;
    %store/vec4a v000000000090e310, 4, 0;
    %pushi/vec4 92, 0, 8;
    %ix/load 4, 67, 0;
    %flag_set/imm 4, 0;
    %store/vec4a v000000000090e310, 4, 0;
    %pushi/vec4 92, 0, 8;
    %ix/load 4, 68, 0;
    %flag_set/imm 4, 0;
    %store/vec4a v000000000090e310, 4, 0;
    %pushi/vec4 93, 0, 8;
    %ix/load 4, 69, 0;
    %flag_set/imm 4, 0;
    %store/vec4a v000000000090e310, 4, 0;
    %pushi/vec4 93, 0, 8;
    %ix/load 4, 70, 0;
    %flag_set/imm 4, 0;
    %store/vec4a v000000000090e310, 4, 0;
    %pushi/vec4 94, 0, 8;
    %ix/load 4, 71, 0;
    %flag_set/imm 4, 0;
    %store/vec4a v000000000090e310, 4, 0;
    %pushi/vec4 95, 0, 8;
    %ix/load 4, 72, 0;
    %flag_set/imm 4, 0;
    %store/vec4a v000000000090e310, 4, 0;
    %pushi/vec4 95, 0, 8;
    %ix/load 4, 73, 0;
    %flag_set/imm 4, 0;
    %store/vec4a v000000000090e310, 4, 0;
    %pushi/vec4 96, 0, 8;
    %ix/load 4, 74, 0;
    %flag_set/imm 4, 0;
    %store/vec4a v000000000090e310, 4, 0;
    %pushi/vec4 96, 0, 8;
    %ix/load 4, 75, 0;
    %flag_set/imm 4, 0;
    %store/vec4a v000000000090e310, 4, 0;
    %pushi/vec4 97, 0, 8;
    %ix/load 4, 76, 0;
    %flag_set/imm 4, 0;
    %store/vec4a v000000000090e310, 4, 0;
    %pushi/vec4 97, 0, 8;
    %ix/load 4, 77, 0;
    %flag_set/imm 4, 0;
    %store/vec4a v000000000090e310, 4, 0;
    %pushi/vec4 97, 0, 8;
    %ix/load 4, 78, 0;
    %flag_set/imm 4, 0;
    %store/vec4a v000000000090e310, 4, 0;
    %pushi/vec4 98, 0, 8;
    %ix/load 4, 79, 0;
    %flag_set/imm 4, 0;
    %store/vec4a v000000000090e310, 4, 0;
    %pushi/vec4 98, 0, 8;
    %ix/load 4, 80, 0;
    %flag_set/imm 4, 0;
    %store/vec4a v000000000090e310, 4, 0;
    %pushi/vec4 98, 0, 8;
    %ix/load 4, 81, 0;
    %flag_set/imm 4, 0;
    %store/vec4a v000000000090e310, 4, 0;
    %pushi/vec4 99, 0, 8;
    %ix/load 4, 82, 0;
    %flag_set/imm 4, 0;
    %store/vec4a v000000000090e310, 4, 0;
    %pushi/vec4 99, 0, 8;
    %ix/load 4, 83, 0;
    %flag_set/imm 4, 0;
    %store/vec4a v000000000090e310, 4, 0;
    %pushi/vec4 99, 0, 8;
    %ix/load 4, 84, 0;
    %flag_set/imm 4, 0;
    %store/vec4a v000000000090e310, 4, 0;
    %pushi/vec4 99, 0, 8;
    %ix/load 4, 85, 0;
    %flag_set/imm 4, 0;
    %store/vec4a v000000000090e310, 4, 0;
    %pushi/vec4 99, 0, 8;
    %ix/load 4, 86, 0;
    %flag_set/imm 4, 0;
    %store/vec4a v000000000090e310, 4, 0;
    %pushi/vec4 99, 0, 8;
    %ix/load 4, 87, 0;
    %flag_set/imm 4, 0;
    %store/vec4a v000000000090e310, 4, 0;
    %pushi/vec4 99, 0, 8;
    %ix/load 4, 88, 0;
    %flag_set/imm 4, 0;
    %store/vec4a v000000000090e310, 4, 0;
    %pushi/vec4 99, 0, 8;
    %ix/load 4, 89, 0;
    %flag_set/imm 4, 0;
    %store/vec4a v000000000090e310, 4, 0;
    %pushi/vec4 100, 0, 8;
    %ix/load 4, 90, 0;
    %flag_set/imm 4, 0;
    %store/vec4a v000000000090e310, 4, 0;
    %pushi/vec4 99, 0, 8;
    %ix/load 4, 91, 0;
    %flag_set/imm 4, 0;
    %store/vec4a v000000000090e310, 4, 0;
    %pushi/vec4 99, 0, 8;
    %ix/load 4, 92, 0;
    %flag_set/imm 4, 0;
    %store/vec4a v000000000090e310, 4, 0;
    %pushi/vec4 99, 0, 8;
    %ix/load 4, 93, 0;
    %flag_set/imm 4, 0;
    %store/vec4a v000000000090e310, 4, 0;
    %pushi/vec4 99, 0, 8;
    %ix/load 4, 94, 0;
    %flag_set/imm 4, 0;
    %store/vec4a v000000000090e310, 4, 0;
    %pushi/vec4 99, 0, 8;
    %ix/load 4, 95, 0;
    %flag_set/imm 4, 0;
    %store/vec4a v000000000090e310, 4, 0;
    %pushi/vec4 99, 0, 8;
    %ix/load 4, 96, 0;
    %flag_set/imm 4, 0;
    %store/vec4a v000000000090e310, 4, 0;
    %pushi/vec4 99, 0, 8;
    %ix/load 4, 97, 0;
    %flag_set/imm 4, 0;
    %store/vec4a v000000000090e310, 4, 0;
    %pushi/vec4 99, 0, 8;
    %ix/load 4, 98, 0;
    %flag_set/imm 4, 0;
    %store/vec4a v000000000090e310, 4, 0;
    %pushi/vec4 98, 0, 8;
    %ix/load 4, 99, 0;
    %flag_set/imm 4, 0;
    %store/vec4a v000000000090e310, 4, 0;
    %pushi/vec4 98, 0, 8;
    %ix/load 4, 100, 0;
    %flag_set/imm 4, 0;
    %store/vec4a v000000000090e310, 4, 0;
    %pushi/vec4 98, 0, 8;
    %ix/load 4, 101, 0;
    %flag_set/imm 4, 0;
    %store/vec4a v000000000090e310, 4, 0;
    %pushi/vec4 97, 0, 8;
    %ix/load 4, 102, 0;
    %flag_set/imm 4, 0;
    %store/vec4a v000000000090e310, 4, 0;
    %pushi/vec4 97, 0, 8;
    %ix/load 4, 103, 0;
    %flag_set/imm 4, 0;
    %store/vec4a v000000000090e310, 4, 0;
    %pushi/vec4 97, 0, 8;
    %ix/load 4, 104, 0;
    %flag_set/imm 4, 0;
    %store/vec4a v000000000090e310, 4, 0;
    %pushi/vec4 96, 0, 8;
    %ix/load 4, 105, 0;
    %flag_set/imm 4, 0;
    %store/vec4a v000000000090e310, 4, 0;
    %pushi/vec4 96, 0, 8;
    %ix/load 4, 106, 0;
    %flag_set/imm 4, 0;
    %store/vec4a v000000000090e310, 4, 0;
    %pushi/vec4 95, 0, 8;
    %ix/load 4, 107, 0;
    %flag_set/imm 4, 0;
    %store/vec4a v000000000090e310, 4, 0;
    %pushi/vec4 95, 0, 8;
    %ix/load 4, 108, 0;
    %flag_set/imm 4, 0;
    %store/vec4a v000000000090e310, 4, 0;
    %pushi/vec4 94, 0, 8;
    %ix/load 4, 109, 0;
    %flag_set/imm 4, 0;
    %store/vec4a v000000000090e310, 4, 0;
    %pushi/vec4 93, 0, 8;
    %ix/load 4, 110, 0;
    %flag_set/imm 4, 0;
    %store/vec4a v000000000090e310, 4, 0;
    %pushi/vec4 93, 0, 8;
    %ix/load 4, 111, 0;
    %flag_set/imm 4, 0;
    %store/vec4a v000000000090e310, 4, 0;
    %pushi/vec4 92, 0, 8;
    %ix/load 4, 112, 0;
    %flag_set/imm 4, 0;
    %store/vec4a v000000000090e310, 4, 0;
    %pushi/vec4 92, 0, 8;
    %ix/load 4, 113, 0;
    %flag_set/imm 4, 0;
    %store/vec4a v000000000090e310, 4, 0;
    %pushi/vec4 91, 0, 8;
    %ix/load 4, 114, 0;
    %flag_set/imm 4, 0;
    %store/vec4a v000000000090e310, 4, 0;
    %pushi/vec4 90, 0, 8;
    %ix/load 4, 115, 0;
    %flag_set/imm 4, 0;
    %store/vec4a v000000000090e310, 4, 0;
    %pushi/vec4 89, 0, 8;
    %ix/load 4, 116, 0;
    %flag_set/imm 4, 0;
    %store/vec4a v000000000090e310, 4, 0;
    %pushi/vec4 89, 0, 8;
    %ix/load 4, 117, 0;
    %flag_set/imm 4, 0;
    %store/vec4a v000000000090e310, 4, 0;
    %pushi/vec4 88, 0, 8;
    %ix/load 4, 118, 0;
    %flag_set/imm 4, 0;
    %store/vec4a v000000000090e310, 4, 0;
    %pushi/vec4 87, 0, 8;
    %ix/load 4, 119, 0;
    %flag_set/imm 4, 0;
    %store/vec4a v000000000090e310, 4, 0;
    %pushi/vec4 86, 0, 8;
    %ix/load 4, 120, 0;
    %flag_set/imm 4, 0;
    %store/vec4a v000000000090e310, 4, 0;
    %pushi/vec4 85, 0, 8;
    %ix/load 4, 121, 0;
    %flag_set/imm 4, 0;
    %store/vec4a v000000000090e310, 4, 0;
    %pushi/vec4 84, 0, 8;
    %ix/load 4, 122, 0;
    %flag_set/imm 4, 0;
    %store/vec4a v000000000090e310, 4, 0;
    %pushi/vec4 83, 0, 8;
    %ix/load 4, 123, 0;
    %flag_set/imm 4, 0;
    %store/vec4a v000000000090e310, 4, 0;
    %pushi/vec4 82, 0, 8;
    %ix/load 4, 124, 0;
    %flag_set/imm 4, 0;
    %store/vec4a v000000000090e310, 4, 0;
    %pushi/vec4 81, 0, 8;
    %ix/load 4, 125, 0;
    %flag_set/imm 4, 0;
    %store/vec4a v000000000090e310, 4, 0;
    %pushi/vec4 80, 0, 8;
    %ix/load 4, 126, 0;
    %flag_set/imm 4, 0;
    %store/vec4a v000000000090e310, 4, 0;
    %pushi/vec4 79, 0, 8;
    %ix/load 4, 127, 0;
    %flag_set/imm 4, 0;
    %store/vec4a v000000000090e310, 4, 0;
    %pushi/vec4 78, 0, 8;
    %ix/load 4, 128, 0;
    %flag_set/imm 4, 0;
    %store/vec4a v000000000090e310, 4, 0;
    %pushi/vec4 77, 0, 8;
    %ix/load 4, 129, 0;
    %flag_set/imm 4, 0;
    %store/vec4a v000000000090e310, 4, 0;
    %pushi/vec4 76, 0, 8;
    %ix/load 4, 130, 0;
    %flag_set/imm 4, 0;
    %store/vec4a v000000000090e310, 4, 0;
    %pushi/vec4 75, 0, 8;
    %ix/load 4, 131, 0;
    %flag_set/imm 4, 0;
    %store/vec4a v000000000090e310, 4, 0;
    %pushi/vec4 74, 0, 8;
    %ix/load 4, 132, 0;
    %flag_set/imm 4, 0;
    %store/vec4a v000000000090e310, 4, 0;
    %pushi/vec4 73, 0, 8;
    %ix/load 4, 133, 0;
    %flag_set/imm 4, 0;
    %store/vec4a v000000000090e310, 4, 0;
    %pushi/vec4 71, 0, 8;
    %ix/load 4, 134, 0;
    %flag_set/imm 4, 0;
    %store/vec4a v000000000090e310, 4, 0;
    %pushi/vec4 70, 0, 8;
    %ix/load 4, 135, 0;
    %flag_set/imm 4, 0;
    %store/vec4a v000000000090e310, 4, 0;
    %pushi/vec4 69, 0, 8;
    %ix/load 4, 136, 0;
    %flag_set/imm 4, 0;
    %store/vec4a v000000000090e310, 4, 0;
    %pushi/vec4 68, 0, 8;
    %ix/load 4, 137, 0;
    %flag_set/imm 4, 0;
    %store/vec4a v000000000090e310, 4, 0;
    %pushi/vec4 66, 0, 8;
    %ix/load 4, 138, 0;
    %flag_set/imm 4, 0;
    %store/vec4a v000000000090e310, 4, 0;
    %pushi/vec4 65, 0, 8;
    %ix/load 4, 139, 0;
    %flag_set/imm 4, 0;
    %store/vec4a v000000000090e310, 4, 0;
    %pushi/vec4 64, 0, 8;
    %ix/load 4, 140, 0;
    %flag_set/imm 4, 0;
    %store/vec4a v000000000090e310, 4, 0;
    %pushi/vec4 62, 0, 8;
    %ix/load 4, 141, 0;
    %flag_set/imm 4, 0;
    %store/vec4a v000000000090e310, 4, 0;
    %pushi/vec4 61, 0, 8;
    %ix/load 4, 142, 0;
    %flag_set/imm 4, 0;
    %store/vec4a v000000000090e310, 4, 0;
    %pushi/vec4 60, 0, 8;
    %ix/load 4, 143, 0;
    %flag_set/imm 4, 0;
    %store/vec4a v000000000090e310, 4, 0;
    %pushi/vec4 58, 0, 8;
    %ix/load 4, 144, 0;
    %flag_set/imm 4, 0;
    %store/vec4a v000000000090e310, 4, 0;
    %pushi/vec4 57, 0, 8;
    %ix/load 4, 145, 0;
    %flag_set/imm 4, 0;
    %store/vec4a v000000000090e310, 4, 0;
    %pushi/vec4 55, 0, 8;
    %ix/load 4, 146, 0;
    %flag_set/imm 4, 0;
    %store/vec4a v000000000090e310, 4, 0;
    %pushi/vec4 54, 0, 8;
    %ix/load 4, 147, 0;
    %flag_set/imm 4, 0;
    %store/vec4a v000000000090e310, 4, 0;
    %pushi/vec4 52, 0, 8;
    %ix/load 4, 148, 0;
    %flag_set/imm 4, 0;
    %store/vec4a v000000000090e310, 4, 0;
    %pushi/vec4 51, 0, 8;
    %ix/load 4, 149, 0;
    %flag_set/imm 4, 0;
    %store/vec4a v000000000090e310, 4, 0;
    %pushi/vec4 50, 0, 8;
    %ix/load 4, 150, 0;
    %flag_set/imm 4, 0;
    %store/vec4a v000000000090e310, 4, 0;
    %pushi/vec4 48, 0, 8;
    %ix/load 4, 151, 0;
    %flag_set/imm 4, 0;
    %store/vec4a v000000000090e310, 4, 0;
    %pushi/vec4 46, 0, 8;
    %ix/load 4, 152, 0;
    %flag_set/imm 4, 0;
    %store/vec4a v000000000090e310, 4, 0;
    %pushi/vec4 45, 0, 8;
    %ix/load 4, 153, 0;
    %flag_set/imm 4, 0;
    %store/vec4a v000000000090e310, 4, 0;
    %pushi/vec4 43, 0, 8;
    %ix/load 4, 154, 0;
    %flag_set/imm 4, 0;
    %store/vec4a v000000000090e310, 4, 0;
    %pushi/vec4 42, 0, 8;
    %ix/load 4, 155, 0;
    %flag_set/imm 4, 0;
    %store/vec4a v000000000090e310, 4, 0;
    %pushi/vec4 40, 0, 8;
    %ix/load 4, 156, 0;
    %flag_set/imm 4, 0;
    %store/vec4a v000000000090e310, 4, 0;
    %pushi/vec4 39, 0, 8;
    %ix/load 4, 157, 0;
    %flag_set/imm 4, 0;
    %store/vec4a v000000000090e310, 4, 0;
    %pushi/vec4 37, 0, 8;
    %ix/load 4, 158, 0;
    %flag_set/imm 4, 0;
    %store/vec4a v000000000090e310, 4, 0;
    %pushi/vec4 35, 0, 8;
    %ix/load 4, 159, 0;
    %flag_set/imm 4, 0;
    %store/vec4a v000000000090e310, 4, 0;
    %pushi/vec4 34, 0, 8;
    %ix/load 4, 160, 0;
    %flag_set/imm 4, 0;
    %store/vec4a v000000000090e310, 4, 0;
    %pushi/vec4 32, 0, 8;
    %ix/load 4, 161, 0;
    %flag_set/imm 4, 0;
    %store/vec4a v000000000090e310, 4, 0;
    %pushi/vec4 30, 0, 8;
    %ix/load 4, 162, 0;
    %flag_set/imm 4, 0;
    %store/vec4a v000000000090e310, 4, 0;
    %pushi/vec4 29, 0, 8;
    %ix/load 4, 163, 0;
    %flag_set/imm 4, 0;
    %store/vec4a v000000000090e310, 4, 0;
    %pushi/vec4 27, 0, 8;
    %ix/load 4, 164, 0;
    %flag_set/imm 4, 0;
    %store/vec4a v000000000090e310, 4, 0;
    %pushi/vec4 25, 0, 8;
    %ix/load 4, 165, 0;
    %flag_set/imm 4, 0;
    %store/vec4a v000000000090e310, 4, 0;
    %pushi/vec4 24, 0, 8;
    %ix/load 4, 166, 0;
    %flag_set/imm 4, 0;
    %store/vec4a v000000000090e310, 4, 0;
    %pushi/vec4 22, 0, 8;
    %ix/load 4, 167, 0;
    %flag_set/imm 4, 0;
    %store/vec4a v000000000090e310, 4, 0;
    %pushi/vec4 20, 0, 8;
    %ix/load 4, 168, 0;
    %flag_set/imm 4, 0;
    %store/vec4a v000000000090e310, 4, 0;
    %pushi/vec4 19, 0, 8;
    %ix/load 4, 169, 0;
    %flag_set/imm 4, 0;
    %store/vec4a v000000000090e310, 4, 0;
    %pushi/vec4 17, 0, 8;
    %ix/load 4, 170, 0;
    %flag_set/imm 4, 0;
    %store/vec4a v000000000090e310, 4, 0;
    %pushi/vec4 15, 0, 8;
    %ix/load 4, 171, 0;
    %flag_set/imm 4, 0;
    %store/vec4a v000000000090e310, 4, 0;
    %pushi/vec4 13, 0, 8;
    %ix/load 4, 172, 0;
    %flag_set/imm 4, 0;
    %store/vec4a v000000000090e310, 4, 0;
    %pushi/vec4 12, 0, 8;
    %ix/load 4, 173, 0;
    %flag_set/imm 4, 0;
    %store/vec4a v000000000090e310, 4, 0;
    %pushi/vec4 10, 0, 8;
    %ix/load 4, 174, 0;
    %flag_set/imm 4, 0;
    %store/vec4a v000000000090e310, 4, 0;
    %pushi/vec4 8, 0, 8;
    %ix/load 4, 175, 0;
    %flag_set/imm 4, 0;
    %store/vec4a v000000000090e310, 4, 0;
    %pushi/vec4 6, 0, 8;
    %ix/load 4, 176, 0;
    %flag_set/imm 4, 0;
    %store/vec4a v000000000090e310, 4, 0;
    %pushi/vec4 5, 0, 8;
    %ix/load 4, 177, 0;
    %flag_set/imm 4, 0;
    %store/vec4a v000000000090e310, 4, 0;
    %pushi/vec4 3, 0, 8;
    %ix/load 4, 178, 0;
    %flag_set/imm 4, 0;
    %store/vec4a v000000000090e310, 4, 0;
    %pushi/vec4 1, 0, 8;
    %ix/load 4, 179, 0;
    %flag_set/imm 4, 0;
    %store/vec4a v000000000090e310, 4, 0;
    %pushi/vec4 0, 0, 8;
    %ix/load 4, 180, 0;
    %flag_set/imm 4, 0;
    %store/vec4a v000000000090e310, 4, 0;
    %pushi/vec4 255, 0, 8;
    %ix/load 4, 181, 0;
    %flag_set/imm 4, 0;
    %store/vec4a v000000000090e310, 4, 0;
    %pushi/vec4 253, 0, 8;
    %ix/load 4, 182, 0;
    %flag_set/imm 4, 0;
    %store/vec4a v000000000090e310, 4, 0;
    %pushi/vec4 251, 0, 8;
    %ix/load 4, 183, 0;
    %flag_set/imm 4, 0;
    %store/vec4a v000000000090e310, 4, 0;
    %pushi/vec4 250, 0, 8;
    %ix/load 4, 184, 0;
    %flag_set/imm 4, 0;
    %store/vec4a v000000000090e310, 4, 0;
    %pushi/vec4 248, 0, 8;
    %ix/load 4, 185, 0;
    %flag_set/imm 4, 0;
    %store/vec4a v000000000090e310, 4, 0;
    %pushi/vec4 246, 0, 8;
    %ix/load 4, 186, 0;
    %flag_set/imm 4, 0;
    %store/vec4a v000000000090e310, 4, 0;
    %pushi/vec4 244, 0, 8;
    %ix/load 4, 187, 0;
    %flag_set/imm 4, 0;
    %store/vec4a v000000000090e310, 4, 0;
    %pushi/vec4 243, 0, 8;
    %ix/load 4, 188, 0;
    %flag_set/imm 4, 0;
    %store/vec4a v000000000090e310, 4, 0;
    %pushi/vec4 241, 0, 8;
    %ix/load 4, 189, 0;
    %flag_set/imm 4, 0;
    %store/vec4a v000000000090e310, 4, 0;
    %pushi/vec4 239, 0, 8;
    %ix/load 4, 190, 0;
    %flag_set/imm 4, 0;
    %store/vec4a v000000000090e310, 4, 0;
    %pushi/vec4 237, 0, 8;
    %ix/load 4, 191, 0;
    %flag_set/imm 4, 0;
    %store/vec4a v000000000090e310, 4, 0;
    %pushi/vec4 236, 0, 8;
    %ix/load 4, 192, 0;
    %flag_set/imm 4, 0;
    %store/vec4a v000000000090e310, 4, 0;
    %pushi/vec4 234, 0, 8;
    %ix/load 4, 193, 0;
    %flag_set/imm 4, 0;
    %store/vec4a v000000000090e310, 4, 0;
    %pushi/vec4 232, 0, 8;
    %ix/load 4, 194, 0;
    %flag_set/imm 4, 0;
    %store/vec4a v000000000090e310, 4, 0;
    %pushi/vec4 231, 0, 8;
    %ix/load 4, 195, 0;
    %flag_set/imm 4, 0;
    %store/vec4a v000000000090e310, 4, 0;
    %pushi/vec4 229, 0, 8;
    %ix/load 4, 196, 0;
    %flag_set/imm 4, 0;
    %store/vec4a v000000000090e310, 4, 0;
    %pushi/vec4 227, 0, 8;
    %ix/load 4, 197, 0;
    %flag_set/imm 4, 0;
    %store/vec4a v000000000090e310, 4, 0;
    %pushi/vec4 226, 0, 8;
    %ix/load 4, 198, 0;
    %flag_set/imm 4, 0;
    %store/vec4a v000000000090e310, 4, 0;
    %pushi/vec4 224, 0, 8;
    %ix/load 4, 199, 0;
    %flag_set/imm 4, 0;
    %store/vec4a v000000000090e310, 4, 0;
    %pushi/vec4 222, 0, 8;
    %ix/load 4, 200, 0;
    %flag_set/imm 4, 0;
    %store/vec4a v000000000090e310, 4, 0;
    %pushi/vec4 221, 0, 8;
    %ix/load 4, 201, 0;
    %flag_set/imm 4, 0;
    %store/vec4a v000000000090e310, 4, 0;
    %pushi/vec4 219, 0, 8;
    %ix/load 4, 202, 0;
    %flag_set/imm 4, 0;
    %store/vec4a v000000000090e310, 4, 0;
    %pushi/vec4 217, 0, 8;
    %ix/load 4, 203, 0;
    %flag_set/imm 4, 0;
    %store/vec4a v000000000090e310, 4, 0;
    %pushi/vec4 216, 0, 8;
    %ix/load 4, 204, 0;
    %flag_set/imm 4, 0;
    %store/vec4a v000000000090e310, 4, 0;
    %pushi/vec4 214, 0, 8;
    %ix/load 4, 205, 0;
    %flag_set/imm 4, 0;
    %store/vec4a v000000000090e310, 4, 0;
    %pushi/vec4 213, 0, 8;
    %ix/load 4, 206, 0;
    %flag_set/imm 4, 0;
    %store/vec4a v000000000090e310, 4, 0;
    %pushi/vec4 211, 0, 8;
    %ix/load 4, 207, 0;
    %flag_set/imm 4, 0;
    %store/vec4a v000000000090e310, 4, 0;
    %pushi/vec4 210, 0, 8;
    %ix/load 4, 208, 0;
    %flag_set/imm 4, 0;
    %store/vec4a v000000000090e310, 4, 0;
    %pushi/vec4 208, 0, 8;
    %ix/load 4, 209, 0;
    %flag_set/imm 4, 0;
    %store/vec4a v000000000090e310, 4, 0;
    %pushi/vec4 207, 0, 8;
    %ix/load 4, 210, 0;
    %flag_set/imm 4, 0;
    %store/vec4a v000000000090e310, 4, 0;
    %pushi/vec4 205, 0, 8;
    %ix/load 4, 211, 0;
    %flag_set/imm 4, 0;
    %store/vec4a v000000000090e310, 4, 0;
    %pushi/vec4 204, 0, 8;
    %ix/load 4, 212, 0;
    %flag_set/imm 4, 0;
    %store/vec4a v000000000090e310, 4, 0;
    %pushi/vec4 202, 0, 8;
    %ix/load 4, 213, 0;
    %flag_set/imm 4, 0;
    %store/vec4a v000000000090e310, 4, 0;
    %pushi/vec4 201, 0, 8;
    %ix/load 4, 214, 0;
    %flag_set/imm 4, 0;
    %store/vec4a v000000000090e310, 4, 0;
    %pushi/vec4 199, 0, 8;
    %ix/load 4, 215, 0;
    %flag_set/imm 4, 0;
    %store/vec4a v000000000090e310, 4, 0;
    %pushi/vec4 198, 0, 8;
    %ix/load 4, 216, 0;
    %flag_set/imm 4, 0;
    %store/vec4a v000000000090e310, 4, 0;
    %pushi/vec4 196, 0, 8;
    %ix/load 4, 217, 0;
    %flag_set/imm 4, 0;
    %store/vec4a v000000000090e310, 4, 0;
    %pushi/vec4 195, 0, 8;
    %ix/load 4, 218, 0;
    %flag_set/imm 4, 0;
    %store/vec4a v000000000090e310, 4, 0;
    %pushi/vec4 194, 0, 8;
    %ix/load 4, 219, 0;
    %flag_set/imm 4, 0;
    %store/vec4a v000000000090e310, 4, 0;
    %pushi/vec4 192, 0, 8;
    %ix/load 4, 220, 0;
    %flag_set/imm 4, 0;
    %store/vec4a v000000000090e310, 4, 0;
    %pushi/vec4 191, 0, 8;
    %ix/load 4, 221, 0;
    %flag_set/imm 4, 0;
    %store/vec4a v000000000090e310, 4, 0;
    %pushi/vec4 190, 0, 8;
    %ix/load 4, 222, 0;
    %flag_set/imm 4, 0;
    %store/vec4a v000000000090e310, 4, 0;
    %pushi/vec4 188, 0, 8;
    %ix/load 4, 223, 0;
    %flag_set/imm 4, 0;
    %store/vec4a v000000000090e310, 4, 0;
    %pushi/vec4 187, 0, 8;
    %ix/load 4, 224, 0;
    %flag_set/imm 4, 0;
    %store/vec4a v000000000090e310, 4, 0;
    %pushi/vec4 186, 0, 8;
    %ix/load 4, 225, 0;
    %flag_set/imm 4, 0;
    %store/vec4a v000000000090e310, 4, 0;
    %pushi/vec4 185, 0, 8;
    %ix/load 4, 226, 0;
    %flag_set/imm 4, 0;
    %store/vec4a v000000000090e310, 4, 0;
    %pushi/vec4 183, 0, 8;
    %ix/load 4, 227, 0;
    %flag_set/imm 4, 0;
    %store/vec4a v000000000090e310, 4, 0;
    %pushi/vec4 182, 0, 8;
    %ix/load 4, 228, 0;
    %flag_set/imm 4, 0;
    %store/vec4a v000000000090e310, 4, 0;
    %pushi/vec4 181, 0, 8;
    %ix/load 4, 229, 0;
    %flag_set/imm 4, 0;
    %store/vec4a v000000000090e310, 4, 0;
    %pushi/vec4 180, 0, 8;
    %ix/load 4, 230, 0;
    %flag_set/imm 4, 0;
    %store/vec4a v000000000090e310, 4, 0;
    %pushi/vec4 179, 0, 8;
    %ix/load 4, 231, 0;
    %flag_set/imm 4, 0;
    %store/vec4a v000000000090e310, 4, 0;
    %pushi/vec4 178, 0, 8;
    %ix/load 4, 232, 0;
    %flag_set/imm 4, 0;
    %store/vec4a v000000000090e310, 4, 0;
    %pushi/vec4 177, 0, 8;
    %ix/load 4, 233, 0;
    %flag_set/imm 4, 0;
    %store/vec4a v000000000090e310, 4, 0;
    %pushi/vec4 176, 0, 8;
    %ix/load 4, 234, 0;
    %flag_set/imm 4, 0;
    %store/vec4a v000000000090e310, 4, 0;
    %pushi/vec4 175, 0, 8;
    %ix/load 4, 235, 0;
    %flag_set/imm 4, 0;
    %store/vec4a v000000000090e310, 4, 0;
    %pushi/vec4 174, 0, 8;
    %ix/load 4, 236, 0;
    %flag_set/imm 4, 0;
    %store/vec4a v000000000090e310, 4, 0;
    %pushi/vec4 173, 0, 8;
    %ix/load 4, 237, 0;
    %flag_set/imm 4, 0;
    %store/vec4a v000000000090e310, 4, 0;
    %pushi/vec4 172, 0, 8;
    %ix/load 4, 238, 0;
    %flag_set/imm 4, 0;
    %store/vec4a v000000000090e310, 4, 0;
    %pushi/vec4 171, 0, 8;
    %ix/load 4, 239, 0;
    %flag_set/imm 4, 0;
    %store/vec4a v000000000090e310, 4, 0;
    %pushi/vec4 170, 0, 8;
    %ix/load 4, 240, 0;
    %flag_set/imm 4, 0;
    %store/vec4a v000000000090e310, 4, 0;
    %pushi/vec4 169, 0, 8;
    %ix/load 4, 241, 0;
    %flag_set/imm 4, 0;
    %store/vec4a v000000000090e310, 4, 0;
    %pushi/vec4 168, 0, 8;
    %ix/load 4, 242, 0;
    %flag_set/imm 4, 0;
    %store/vec4a v000000000090e310, 4, 0;
    %pushi/vec4 167, 0, 8;
    %ix/load 4, 243, 0;
    %flag_set/imm 4, 0;
    %store/vec4a v000000000090e310, 4, 0;
    %pushi/vec4 167, 0, 8;
    %ix/load 4, 244, 0;
    %flag_set/imm 4, 0;
    %store/vec4a v000000000090e310, 4, 0;
    %pushi/vec4 166, 0, 8;
    %ix/load 4, 245, 0;
    %flag_set/imm 4, 0;
    %store/vec4a v000000000090e310, 4, 0;
    %pushi/vec4 165, 0, 8;
    %ix/load 4, 246, 0;
    %flag_set/imm 4, 0;
    %store/vec4a v000000000090e310, 4, 0;
    %pushi/vec4 164, 0, 8;
    %ix/load 4, 247, 0;
    %flag_set/imm 4, 0;
    %store/vec4a v000000000090e310, 4, 0;
    %pushi/vec4 164, 0, 8;
    %ix/load 4, 248, 0;
    %flag_set/imm 4, 0;
    %store/vec4a v000000000090e310, 4, 0;
    %pushi/vec4 163, 0, 8;
    %ix/load 4, 249, 0;
    %flag_set/imm 4, 0;
    %store/vec4a v000000000090e310, 4, 0;
    %pushi/vec4 163, 0, 8;
    %ix/load 4, 250, 0;
    %flag_set/imm 4, 0;
    %store/vec4a v000000000090e310, 4, 0;
    %pushi/vec4 162, 0, 8;
    %ix/load 4, 251, 0;
    %flag_set/imm 4, 0;
    %store/vec4a v000000000090e310, 4, 0;
    %pushi/vec4 161, 0, 8;
    %ix/load 4, 252, 0;
    %flag_set/imm 4, 0;
    %store/vec4a v000000000090e310, 4, 0;
    %pushi/vec4 161, 0, 8;
    %ix/load 4, 253, 0;
    %flag_set/imm 4, 0;
    %store/vec4a v000000000090e310, 4, 0;
    %pushi/vec4 160, 0, 8;
    %ix/load 4, 254, 0;
    %flag_set/imm 4, 0;
    %store/vec4a v000000000090e310, 4, 0;
    %pushi/vec4 160, 0, 8;
    %ix/load 4, 255, 0;
    %flag_set/imm 4, 0;
    %store/vec4a v000000000090e310, 4, 0;
    %pushi/vec4 159, 0, 8;
    %ix/load 4, 256, 0;
    %flag_set/imm 4, 0;
    %store/vec4a v000000000090e310, 4, 0;
    %pushi/vec4 159, 0, 8;
    %ix/load 4, 257, 0;
    %flag_set/imm 4, 0;
    %store/vec4a v000000000090e310, 4, 0;
    %pushi/vec4 159, 0, 8;
    %ix/load 4, 258, 0;
    %flag_set/imm 4, 0;
    %store/vec4a v000000000090e310, 4, 0;
    %pushi/vec4 158, 0, 8;
    %ix/load 4, 259, 0;
    %flag_set/imm 4, 0;
    %store/vec4a v000000000090e310, 4, 0;
    %pushi/vec4 158, 0, 8;
    %ix/load 4, 260, 0;
    %flag_set/imm 4, 0;
    %store/vec4a v000000000090e310, 4, 0;
    %pushi/vec4 158, 0, 8;
    %ix/load 4, 261, 0;
    %flag_set/imm 4, 0;
    %store/vec4a v000000000090e310, 4, 0;
    %pushi/vec4 157, 0, 8;
    %ix/load 4, 262, 0;
    %flag_set/imm 4, 0;
    %store/vec4a v000000000090e310, 4, 0;
    %pushi/vec4 157, 0, 8;
    %ix/load 4, 263, 0;
    %flag_set/imm 4, 0;
    %store/vec4a v000000000090e310, 4, 0;
    %pushi/vec4 157, 0, 8;
    %ix/load 4, 264, 0;
    %flag_set/imm 4, 0;
    %store/vec4a v000000000090e310, 4, 0;
    %pushi/vec4 157, 0, 8;
    %ix/load 4, 265, 0;
    %flag_set/imm 4, 0;
    %store/vec4a v000000000090e310, 4, 0;
    %pushi/vec4 157, 0, 8;
    %ix/load 4, 266, 0;
    %flag_set/imm 4, 0;
    %store/vec4a v000000000090e310, 4, 0;
    %pushi/vec4 157, 0, 8;
    %ix/load 4, 267, 0;
    %flag_set/imm 4, 0;
    %store/vec4a v000000000090e310, 4, 0;
    %pushi/vec4 157, 0, 8;
    %ix/load 4, 268, 0;
    %flag_set/imm 4, 0;
    %store/vec4a v000000000090e310, 4, 0;
    %pushi/vec4 157, 0, 8;
    %ix/load 4, 269, 0;
    %flag_set/imm 4, 0;
    %store/vec4a v000000000090e310, 4, 0;
    %pushi/vec4 156, 0, 8;
    %ix/load 4, 270, 0;
    %flag_set/imm 4, 0;
    %store/vec4a v000000000090e310, 4, 0;
    %pushi/vec4 157, 0, 8;
    %ix/load 4, 271, 0;
    %flag_set/imm 4, 0;
    %store/vec4a v000000000090e310, 4, 0;
    %pushi/vec4 157, 0, 8;
    %ix/load 4, 272, 0;
    %flag_set/imm 4, 0;
    %store/vec4a v000000000090e310, 4, 0;
    %pushi/vec4 157, 0, 8;
    %ix/load 4, 273, 0;
    %flag_set/imm 4, 0;
    %store/vec4a v000000000090e310, 4, 0;
    %pushi/vec4 157, 0, 8;
    %ix/load 4, 274, 0;
    %flag_set/imm 4, 0;
    %store/vec4a v000000000090e310, 4, 0;
    %pushi/vec4 157, 0, 8;
    %ix/load 4, 275, 0;
    %flag_set/imm 4, 0;
    %store/vec4a v000000000090e310, 4, 0;
    %pushi/vec4 157, 0, 8;
    %ix/load 4, 276, 0;
    %flag_set/imm 4, 0;
    %store/vec4a v000000000090e310, 4, 0;
    %pushi/vec4 157, 0, 8;
    %ix/load 4, 277, 0;
    %flag_set/imm 4, 0;
    %store/vec4a v000000000090e310, 4, 0;
    %pushi/vec4 157, 0, 8;
    %ix/load 4, 278, 0;
    %flag_set/imm 4, 0;
    %store/vec4a v000000000090e310, 4, 0;
    %pushi/vec4 158, 0, 8;
    %ix/load 4, 279, 0;
    %flag_set/imm 4, 0;
    %store/vec4a v000000000090e310, 4, 0;
    %pushi/vec4 158, 0, 8;
    %ix/load 4, 280, 0;
    %flag_set/imm 4, 0;
    %store/vec4a v000000000090e310, 4, 0;
    %pushi/vec4 158, 0, 8;
    %ix/load 4, 281, 0;
    %flag_set/imm 4, 0;
    %store/vec4a v000000000090e310, 4, 0;
    %pushi/vec4 159, 0, 8;
    %ix/load 4, 282, 0;
    %flag_set/imm 4, 0;
    %store/vec4a v000000000090e310, 4, 0;
    %pushi/vec4 159, 0, 8;
    %ix/load 4, 283, 0;
    %flag_set/imm 4, 0;
    %store/vec4a v000000000090e310, 4, 0;
    %pushi/vec4 159, 0, 8;
    %ix/load 4, 284, 0;
    %flag_set/imm 4, 0;
    %store/vec4a v000000000090e310, 4, 0;
    %pushi/vec4 160, 0, 8;
    %ix/load 4, 285, 0;
    %flag_set/imm 4, 0;
    %store/vec4a v000000000090e310, 4, 0;
    %pushi/vec4 160, 0, 8;
    %ix/load 4, 286, 0;
    %flag_set/imm 4, 0;
    %store/vec4a v000000000090e310, 4, 0;
    %pushi/vec4 161, 0, 8;
    %ix/load 4, 287, 0;
    %flag_set/imm 4, 0;
    %store/vec4a v000000000090e310, 4, 0;
    %pushi/vec4 161, 0, 8;
    %ix/load 4, 288, 0;
    %flag_set/imm 4, 0;
    %store/vec4a v000000000090e310, 4, 0;
    %pushi/vec4 162, 0, 8;
    %ix/load 4, 289, 0;
    %flag_set/imm 4, 0;
    %store/vec4a v000000000090e310, 4, 0;
    %pushi/vec4 163, 0, 8;
    %ix/load 4, 290, 0;
    %flag_set/imm 4, 0;
    %store/vec4a v000000000090e310, 4, 0;
    %pushi/vec4 163, 0, 8;
    %ix/load 4, 291, 0;
    %flag_set/imm 4, 0;
    %store/vec4a v000000000090e310, 4, 0;
    %pushi/vec4 164, 0, 8;
    %ix/load 4, 292, 0;
    %flag_set/imm 4, 0;
    %store/vec4a v000000000090e310, 4, 0;
    %pushi/vec4 164, 0, 8;
    %ix/load 4, 293, 0;
    %flag_set/imm 4, 0;
    %store/vec4a v000000000090e310, 4, 0;
    %pushi/vec4 165, 0, 8;
    %ix/load 4, 294, 0;
    %flag_set/imm 4, 0;
    %store/vec4a v000000000090e310, 4, 0;
    %pushi/vec4 166, 0, 8;
    %ix/load 4, 295, 0;
    %flag_set/imm 4, 0;
    %store/vec4a v000000000090e310, 4, 0;
    %pushi/vec4 167, 0, 8;
    %ix/load 4, 296, 0;
    %flag_set/imm 4, 0;
    %store/vec4a v000000000090e310, 4, 0;
    %pushi/vec4 167, 0, 8;
    %ix/load 4, 297, 0;
    %flag_set/imm 4, 0;
    %store/vec4a v000000000090e310, 4, 0;
    %pushi/vec4 168, 0, 8;
    %ix/load 4, 298, 0;
    %flag_set/imm 4, 0;
    %store/vec4a v000000000090e310, 4, 0;
    %pushi/vec4 169, 0, 8;
    %ix/load 4, 299, 0;
    %flag_set/imm 4, 0;
    %store/vec4a v000000000090e310, 4, 0;
    %pushi/vec4 170, 0, 8;
    %ix/load 4, 300, 0;
    %flag_set/imm 4, 0;
    %store/vec4a v000000000090e310, 4, 0;
    %pushi/vec4 171, 0, 8;
    %ix/load 4, 301, 0;
    %flag_set/imm 4, 0;
    %store/vec4a v000000000090e310, 4, 0;
    %pushi/vec4 172, 0, 8;
    %ix/load 4, 302, 0;
    %flag_set/imm 4, 0;
    %store/vec4a v000000000090e310, 4, 0;
    %pushi/vec4 173, 0, 8;
    %ix/load 4, 303, 0;
    %flag_set/imm 4, 0;
    %store/vec4a v000000000090e310, 4, 0;
    %pushi/vec4 174, 0, 8;
    %ix/load 4, 304, 0;
    %flag_set/imm 4, 0;
    %store/vec4a v000000000090e310, 4, 0;
    %pushi/vec4 175, 0, 8;
    %ix/load 4, 305, 0;
    %flag_set/imm 4, 0;
    %store/vec4a v000000000090e310, 4, 0;
    %pushi/vec4 176, 0, 8;
    %ix/load 4, 306, 0;
    %flag_set/imm 4, 0;
    %store/vec4a v000000000090e310, 4, 0;
    %pushi/vec4 177, 0, 8;
    %ix/load 4, 307, 0;
    %flag_set/imm 4, 0;
    %store/vec4a v000000000090e310, 4, 0;
    %pushi/vec4 178, 0, 8;
    %ix/load 4, 308, 0;
    %flag_set/imm 4, 0;
    %store/vec4a v000000000090e310, 4, 0;
    %pushi/vec4 179, 0, 8;
    %ix/load 4, 309, 0;
    %flag_set/imm 4, 0;
    %store/vec4a v000000000090e310, 4, 0;
    %pushi/vec4 180, 0, 8;
    %ix/load 4, 310, 0;
    %flag_set/imm 4, 0;
    %store/vec4a v000000000090e310, 4, 0;
    %pushi/vec4 181, 0, 8;
    %ix/load 4, 311, 0;
    %flag_set/imm 4, 0;
    %store/vec4a v000000000090e310, 4, 0;
    %pushi/vec4 182, 0, 8;
    %ix/load 4, 312, 0;
    %flag_set/imm 4, 0;
    %store/vec4a v000000000090e310, 4, 0;
    %pushi/vec4 183, 0, 8;
    %ix/load 4, 313, 0;
    %flag_set/imm 4, 0;
    %store/vec4a v000000000090e310, 4, 0;
    %pushi/vec4 185, 0, 8;
    %ix/load 4, 314, 0;
    %flag_set/imm 4, 0;
    %store/vec4a v000000000090e310, 4, 0;
    %pushi/vec4 186, 0, 8;
    %ix/load 4, 315, 0;
    %flag_set/imm 4, 0;
    %store/vec4a v000000000090e310, 4, 0;
    %pushi/vec4 187, 0, 8;
    %ix/load 4, 316, 0;
    %flag_set/imm 4, 0;
    %store/vec4a v000000000090e310, 4, 0;
    %pushi/vec4 188, 0, 8;
    %ix/load 4, 317, 0;
    %flag_set/imm 4, 0;
    %store/vec4a v000000000090e310, 4, 0;
    %pushi/vec4 190, 0, 8;
    %ix/load 4, 318, 0;
    %flag_set/imm 4, 0;
    %store/vec4a v000000000090e310, 4, 0;
    %pushi/vec4 191, 0, 8;
    %ix/load 4, 319, 0;
    %flag_set/imm 4, 0;
    %store/vec4a v000000000090e310, 4, 0;
    %pushi/vec4 192, 0, 8;
    %ix/load 4, 320, 0;
    %flag_set/imm 4, 0;
    %store/vec4a v000000000090e310, 4, 0;
    %pushi/vec4 194, 0, 8;
    %ix/load 4, 321, 0;
    %flag_set/imm 4, 0;
    %store/vec4a v000000000090e310, 4, 0;
    %pushi/vec4 195, 0, 8;
    %ix/load 4, 322, 0;
    %flag_set/imm 4, 0;
    %store/vec4a v000000000090e310, 4, 0;
    %pushi/vec4 196, 0, 8;
    %ix/load 4, 323, 0;
    %flag_set/imm 4, 0;
    %store/vec4a v000000000090e310, 4, 0;
    %pushi/vec4 198, 0, 8;
    %ix/load 4, 324, 0;
    %flag_set/imm 4, 0;
    %store/vec4a v000000000090e310, 4, 0;
    %pushi/vec4 199, 0, 8;
    %ix/load 4, 325, 0;
    %flag_set/imm 4, 0;
    %store/vec4a v000000000090e310, 4, 0;
    %pushi/vec4 201, 0, 8;
    %ix/load 4, 326, 0;
    %flag_set/imm 4, 0;
    %store/vec4a v000000000090e310, 4, 0;
    %pushi/vec4 202, 0, 8;
    %ix/load 4, 327, 0;
    %flag_set/imm 4, 0;
    %store/vec4a v000000000090e310, 4, 0;
    %pushi/vec4 204, 0, 8;
    %ix/load 4, 328, 0;
    %flag_set/imm 4, 0;
    %store/vec4a v000000000090e310, 4, 0;
    %pushi/vec4 205, 0, 8;
    %ix/load 4, 329, 0;
    %flag_set/imm 4, 0;
    %store/vec4a v000000000090e310, 4, 0;
    %pushi/vec4 206, 0, 8;
    %ix/load 4, 330, 0;
    %flag_set/imm 4, 0;
    %store/vec4a v000000000090e310, 4, 0;
    %pushi/vec4 208, 0, 8;
    %ix/load 4, 331, 0;
    %flag_set/imm 4, 0;
    %store/vec4a v000000000090e310, 4, 0;
    %pushi/vec4 210, 0, 8;
    %ix/load 4, 332, 0;
    %flag_set/imm 4, 0;
    %store/vec4a v000000000090e310, 4, 0;
    %pushi/vec4 211, 0, 8;
    %ix/load 4, 333, 0;
    %flag_set/imm 4, 0;
    %store/vec4a v000000000090e310, 4, 0;
    %pushi/vec4 213, 0, 8;
    %ix/load 4, 334, 0;
    %flag_set/imm 4, 0;
    %store/vec4a v000000000090e310, 4, 0;
    %pushi/vec4 214, 0, 8;
    %ix/load 4, 335, 0;
    %flag_set/imm 4, 0;
    %store/vec4a v000000000090e310, 4, 0;
    %pushi/vec4 216, 0, 8;
    %ix/load 4, 336, 0;
    %flag_set/imm 4, 0;
    %store/vec4a v000000000090e310, 4, 0;
    %pushi/vec4 217, 0, 8;
    %ix/load 4, 337, 0;
    %flag_set/imm 4, 0;
    %store/vec4a v000000000090e310, 4, 0;
    %pushi/vec4 219, 0, 8;
    %ix/load 4, 338, 0;
    %flag_set/imm 4, 0;
    %store/vec4a v000000000090e310, 4, 0;
    %pushi/vec4 221, 0, 8;
    %ix/load 4, 339, 0;
    %flag_set/imm 4, 0;
    %store/vec4a v000000000090e310, 4, 0;
    %pushi/vec4 222, 0, 8;
    %ix/load 4, 340, 0;
    %flag_set/imm 4, 0;
    %store/vec4a v000000000090e310, 4, 0;
    %pushi/vec4 224, 0, 8;
    %ix/load 4, 341, 0;
    %flag_set/imm 4, 0;
    %store/vec4a v000000000090e310, 4, 0;
    %pushi/vec4 226, 0, 8;
    %ix/load 4, 342, 0;
    %flag_set/imm 4, 0;
    %store/vec4a v000000000090e310, 4, 0;
    %pushi/vec4 227, 0, 8;
    %ix/load 4, 343, 0;
    %flag_set/imm 4, 0;
    %store/vec4a v000000000090e310, 4, 0;
    %pushi/vec4 229, 0, 8;
    %ix/load 4, 344, 0;
    %flag_set/imm 4, 0;
    %store/vec4a v000000000090e310, 4, 0;
    %pushi/vec4 231, 0, 8;
    %ix/load 4, 345, 0;
    %flag_set/imm 4, 0;
    %store/vec4a v000000000090e310, 4, 0;
    %pushi/vec4 232, 0, 8;
    %ix/load 4, 346, 0;
    %flag_set/imm 4, 0;
    %store/vec4a v000000000090e310, 4, 0;
    %pushi/vec4 234, 0, 8;
    %ix/load 4, 347, 0;
    %flag_set/imm 4, 0;
    %store/vec4a v000000000090e310, 4, 0;
    %pushi/vec4 236, 0, 8;
    %ix/load 4, 348, 0;
    %flag_set/imm 4, 0;
    %store/vec4a v000000000090e310, 4, 0;
    %pushi/vec4 237, 0, 8;
    %ix/load 4, 349, 0;
    %flag_set/imm 4, 0;
    %store/vec4a v000000000090e310, 4, 0;
    %pushi/vec4 239, 0, 8;
    %ix/load 4, 350, 0;
    %flag_set/imm 4, 0;
    %store/vec4a v000000000090e310, 4, 0;
    %pushi/vec4 241, 0, 8;
    %ix/load 4, 351, 0;
    %flag_set/imm 4, 0;
    %store/vec4a v000000000090e310, 4, 0;
    %pushi/vec4 243, 0, 8;
    %ix/load 4, 352, 0;
    %flag_set/imm 4, 0;
    %store/vec4a v000000000090e310, 4, 0;
    %pushi/vec4 244, 0, 8;
    %ix/load 4, 353, 0;
    %flag_set/imm 4, 0;
    %store/vec4a v000000000090e310, 4, 0;
    %pushi/vec4 246, 0, 8;
    %ix/load 4, 354, 0;
    %flag_set/imm 4, 0;
    %store/vec4a v000000000090e310, 4, 0;
    %pushi/vec4 248, 0, 8;
    %ix/load 4, 355, 0;
    %flag_set/imm 4, 0;
    %store/vec4a v000000000090e310, 4, 0;
    %pushi/vec4 250, 0, 8;
    %ix/load 4, 356, 0;
    %flag_set/imm 4, 0;
    %store/vec4a v000000000090e310, 4, 0;
    %pushi/vec4 251, 0, 8;
    %ix/load 4, 357, 0;
    %flag_set/imm 4, 0;
    %store/vec4a v000000000090e310, 4, 0;
    %pushi/vec4 253, 0, 8;
    %ix/load 4, 358, 0;
    %flag_set/imm 4, 0;
    %store/vec4a v000000000090e310, 4, 0;
    %pushi/vec4 255, 0, 8;
    %ix/load 4, 359, 0;
    %flag_set/imm 4, 0;
    %store/vec4a v000000000090e310, 4, 0;
    %end;
    .thread T_0;
    .scope S_00000000011ae3e0;
T_1 ;
    %wait E_00000000008c1e50;
    %ix/getv/s 4, v000000000090e270_0;
    %load/vec4a v000000000090e310, 4;
    %store/vec4 v000000000090e1d0_0, 0, 8;
    %vpi_call 2 419 "$display", "%d    ", v000000000090e1d0_0 {0 0 0};
    %load/vec4 v000000000090e270_0;
    %addi 1, 0, 32;
    %store/vec4 v000000000090e270_0, 0, 32;
    %load/vec4 v000000000090e270_0;
    %cmpi/e 359, 0, 32;
    %jmp/0xz  T_1.0, 4;
    %pushi/vec4 0, 0, 32;
    %store/vec4 v000000000090e270_0, 0, 32;
T_1.0 ;
    %jmp T_1;
    .thread T_1;
    .scope S_00000000011ae260;
T_2 ;
    %vpi_call 2 23 "$dumpfile", "test.vcd" {0 0 0};
    %vpi_call 2 24 "$dumpvars" {0 0 0};
    %pushi/vec4 1, 0, 1;
    %store/vec4 v000000000090e590_0, 0, 1;
    %delay 100, 0;
    %pushi/vec4 1, 0, 1;
    %store/vec4 v000000000090e4f0_0, 0, 1;
    %delay 100, 0;
    %pushi/vec4 0, 0, 1;
    %store/vec4 v000000000090e590_0, 0, 1;
    %delay 100, 0;
    %pushi/vec4 1, 0, 1;
    %store/vec4 v000000000090e590_0, 0, 1;
    %pushi/vec4 0, 0, 1;
    %store/vec4 v000000000090e3b0_0, 0, 1;
    %vpi_call 2 33 "$monitor", " %b,", v000000000090e450_0 {0 0 0};
    %delay 100000, 0;
    %vpi_call 2 34 "$finish" {0 0 0};
    %end;
    .thread T_2;
    .scope S_00000000011ae260;
T_3 ;
    %delay 5, 0;
    %load/vec4 v000000000090e3b0_0;
    %inv;
    %store/vec4 v000000000090e3b0_0, 0, 1;
    %jmp T_3;
    .thread T_3;
# The file index is used to find the file name in the following table.
:file_names 3;
    "N/A";
    "<interactive>";
    "sin.v";
