#! /usr/local/bin/vvp
:ivl_version "10.3 (stable)" "(v10_3)";
:ivl_delay_selection "TYPICAL";
:vpi_time_precision + 0;
:vpi_module "system";
:vpi_module "vhdl_sys";
:vpi_module "v2005_math";
:vpi_module "va_math";
S_0xe26960 .scope module, "tb" "tb" 2 1;
 .timescale 0 0;
v0xe91980_0 .var "clk", 0 0;
v0xe91a20_0 .net "data_bit_out", 0 0, v0xe913e8_0;  1 drivers
v0xe91a88_0 .var "data_in", 1 0;
v0xe91ae0_0 .var "data_in_count", 0 0;
v0xe91b38_0 .var "data_in_counter", 0 0;
v0xe91b90_0 .net "data_out_complete_bit", 0 0, v0xe91668_0;  1 drivers
v0xe91c08_0 .var "rst", 0 0;
v0xe91c98_0 .var "signal_out_count", 0 0;
v0xe91cf0_0 .var "signal_out_counter", 0 0;
v0xe91d90_0 .var/s "signal_out_final", 7 0;
v0xe91e08_0 .var/s "signal_out_temp", 7 0;
S_0xe26a28 .scope module, "u1" "top" 2 18, 3 1 0, S_0xe26960;
 .timescale 0 0;
    .port_info 0 /INPUT 1 "clk"
    .port_info 1 /INPUT 1 "rst"
    .port_info 2 /INPUT 2 "data_in"
    .port_info 3 /OUTPUT 1 "data_bit_out"
    .port_info 4 /OUTPUT 1 "data_out_complete_bit"
v0xe91180_0 .net "clk", 0 0, v0xe91980_0;  1 drivers
v0xe911e8_0 .var/i "clk_mixer_count", 31 0;
v0xe91250_0 .var/i "clk_mixer_counter", 31 0;
v0xe912b8_0 .var "clk_qam_mixer", 0 0;
v0xe91330_0 .net/s "cos_out_sampled", 7 0, v0xe908e8_0;  1 drivers
v0xe913e8_0 .var "data_bit_out", 0 0;
v0xe91450_0 .net "data_in", 1 0, v0xe91a88_0;  1 drivers
v0xe914c8_0 .var/i "data_in_count", 31 0;
v0xe91540_0 .var/i "data_in_counter", 31 0;
v0xe91600_0 .var "data_in_sampled", 1 0;
v0xe91668_0 .var "data_out_complete_bit", 0 0;
v0xe916c0_0 .var/i "data_out_net_count", 31 0;
v0xe91738_0 .var/i "data_out_net_counter", 31 0;
v0xe917b0_0 .net "rst", 0 0, v0xe91c08_0;  1 drivers
v0xe91828_0 .net "signal_out_qam_mixer", 7 0, L_0xe91e80;  1 drivers
v0xe918a0_0 .net/s "sin_out_sampled", 7 0, v0xe90960_0;  1 drivers
S_0xe4a600 .scope module, "u1" "sin_cos" 3 25, 4 1 0, S_0xe26a28;
 .timescale 0 0;
    .port_info 0 /INPUT 1 "Clk"
    .port_info 1 /OUTPUT 8 "data_sin"
    .port_info 2 /OUTPUT 8 "data_cos"
v0xe663b8_0 .net "Clk", 0 0, v0xe91980_0;  alias, 1 drivers
v0xe908e8_0 .var/s "data_cos", 7 0;
v0xe90960_0 .var/s "data_sin", 7 0;
v0xe909e0_0 .var/i "i_cos", 31 0;
v0xe90a58_0 .var/i "i_sin", 31 0;
v0xe90af8 .array "sine", 359 0, 7 0;
E_0xe4a718 .event posedge, v0xe663b8_0;
S_0xe90ba0 .scope module, "uu1" "qam_mixer" 3 27, 5 1 0, S_0xe26a28;
 .timescale 0 0;
    .port_info 0 /INPUT 1 "clk"
    .port_info 1 /INPUT 1 "rst"
    .port_info 2 /INPUT 2 "data_in"
    .port_info 3 /INPUT 8 "sin_in"
    .port_info 4 /INPUT 8 "cos_in"
    .port_info 5 /OUTPUT 8 "signal_out"
v0xe90d38_0 .net "clk", 0 0, v0xe912b8_0;  1 drivers
v0xe90db0_0 .net/s "cos_in", 7 0, v0xe908e8_0;  alias, 1 drivers
v0xe90e38_0 .var/s "cos_part", 7 0;
v0xe90e90_0 .net/s "data_in", 1 0, v0xe91600_0;  1 drivers
v0xe90f08_0 .net "rst", 0 0, v0xe91c08_0;  alias, 1 drivers
v0xe90f98_0 .net/s "signal_out", 7 0, L_0xe91e80;  alias, 1 drivers
v0xe91010_0 .net/s "sin_in", 7 0, v0xe90960_0;  alias, 1 drivers
v0xe91098_0 .var/s "sin_part", 7 0;
E_0xe90d00 .event posedge, v0xe90d38_0;
L_0xe91e80 .arith/sum 8, v0xe91098_0, v0xe90e38_0;
    .scope S_0xe4a600;
T_0 ;
    %pushi/vec4 0, 0, 32;
    %store/vec4 v0xe90a58_0, 0, 32;
    %pushi/vec4 90, 0, 32;
    %store/vec4 v0xe909e0_0, 0, 32;
    %pushi/vec4 0, 0, 8;
    %ix/load 4, 0, 0;
    %flag_set/imm 4, 0;
    %store/vec4a v0xe90af8, 4, 0;
    %pushi/vec4 0, 0, 8;
    %ix/load 4, 0, 0;
    %flag_set/imm 4, 0;
    %store/vec4a v0xe90af8, 4, 0;
    %pushi/vec4 1, 0, 8;
    %ix/load 4, 1, 0;
    %flag_set/imm 4, 0;
    %store/vec4a v0xe90af8, 4, 0;
    %pushi/vec4 2, 0, 8;
    %ix/load 4, 2, 0;
    %flag_set/imm 4, 0;
    %store/vec4a v0xe90af8, 4, 0;
    %pushi/vec4 3, 0, 8;
    %ix/load 4, 3, 0;
    %flag_set/imm 4, 0;
    %store/vec4a v0xe90af8, 4, 0;
    %pushi/vec4 4, 0, 8;
    %ix/load 4, 4, 0;
    %flag_set/imm 4, 0;
    %store/vec4a v0xe90af8, 4, 0;
    %pushi/vec4 5, 0, 8;
    %ix/load 4, 5, 0;
    %flag_set/imm 4, 0;
    %store/vec4a v0xe90af8, 4, 0;
    %pushi/vec4 6, 0, 8;
    %ix/load 4, 6, 0;
    %flag_set/imm 4, 0;
    %store/vec4a v0xe90af8, 4, 0;
    %pushi/vec4 7, 0, 8;
    %ix/load 4, 7, 0;
    %flag_set/imm 4, 0;
    %store/vec4a v0xe90af8, 4, 0;
    %pushi/vec4 8, 0, 8;
    %ix/load 4, 8, 0;
    %flag_set/imm 4, 0;
    %store/vec4a v0xe90af8, 4, 0;
    %pushi/vec4 10, 0, 8;
    %ix/load 4, 9, 0;
    %flag_set/imm 4, 0;
    %store/vec4a v0xe90af8, 4, 0;
    %pushi/vec4 11, 0, 8;
    %ix/load 4, 10, 0;
    %flag_set/imm 4, 0;
    %store/vec4a v0xe90af8, 4, 0;
    %pushi/vec4 12, 0, 8;
    %ix/load 4, 11, 0;
    %flag_set/imm 4, 0;
    %store/vec4a v0xe90af8, 4, 0;
    %pushi/vec4 13, 0, 8;
    %ix/load 4, 12, 0;
    %flag_set/imm 4, 0;
    %store/vec4a v0xe90af8, 4, 0;
    %pushi/vec4 14, 0, 8;
    %ix/load 4, 13, 0;
    %flag_set/imm 4, 0;
    %store/vec4a v0xe90af8, 4, 0;
    %pushi/vec4 15, 0, 8;
    %ix/load 4, 14, 0;
    %flag_set/imm 4, 0;
    %store/vec4a v0xe90af8, 4, 0;
    %pushi/vec4 16, 0, 8;
    %ix/load 4, 15, 0;
    %flag_set/imm 4, 0;
    %store/vec4a v0xe90af8, 4, 0;
    %pushi/vec4 17, 0, 8;
    %ix/load 4, 16, 0;
    %flag_set/imm 4, 0;
    %store/vec4a v0xe90af8, 4, 0;
    %pushi/vec4 18, 0, 8;
    %ix/load 4, 17, 0;
    %flag_set/imm 4, 0;
    %store/vec4a v0xe90af8, 4, 0;
    %pushi/vec4 19, 0, 8;
    %ix/load 4, 18, 0;
    %flag_set/imm 4, 0;
    %store/vec4a v0xe90af8, 4, 0;
    %pushi/vec4 20, 0, 8;
    %ix/load 4, 19, 0;
    %flag_set/imm 4, 0;
    %store/vec4a v0xe90af8, 4, 0;
    %pushi/vec4 21, 0, 8;
    %ix/load 4, 20, 0;
    %flag_set/imm 4, 0;
    %store/vec4a v0xe90af8, 4, 0;
    %pushi/vec4 22, 0, 8;
    %ix/load 4, 21, 0;
    %flag_set/imm 4, 0;
    %store/vec4a v0xe90af8, 4, 0;
    %pushi/vec4 23, 0, 8;
    %ix/load 4, 22, 0;
    %flag_set/imm 4, 0;
    %store/vec4a v0xe90af8, 4, 0;
    %pushi/vec4 25, 0, 8;
    %ix/load 4, 23, 0;
    %flag_set/imm 4, 0;
    %store/vec4a v0xe90af8, 4, 0;
    %pushi/vec4 26, 0, 8;
    %ix/load 4, 24, 0;
    %flag_set/imm 4, 0;
    %store/vec4a v0xe90af8, 4, 0;
    %pushi/vec4 27, 0, 8;
    %ix/load 4, 25, 0;
    %flag_set/imm 4, 0;
    %store/vec4a v0xe90af8, 4, 0;
    %pushi/vec4 28, 0, 8;
    %ix/load 4, 26, 0;
    %flag_set/imm 4, 0;
    %store/vec4a v0xe90af8, 4, 0;
    %pushi/vec4 29, 0, 8;
    %ix/load 4, 27, 0;
    %flag_set/imm 4, 0;
    %store/vec4a v0xe90af8, 4, 0;
    %pushi/vec4 30, 0, 8;
    %ix/load 4, 28, 0;
    %flag_set/imm 4, 0;
    %store/vec4a v0xe90af8, 4, 0;
    %pushi/vec4 31, 0, 8;
    %ix/load 4, 29, 0;
    %flag_set/imm 4, 0;
    %store/vec4a v0xe90af8, 4, 0;
    %pushi/vec4 31, 0, 8;
    %ix/load 4, 30, 0;
    %flag_set/imm 4, 0;
    %store/vec4a v0xe90af8, 4, 0;
    %pushi/vec4 32, 0, 8;
    %ix/load 4, 31, 0;
    %flag_set/imm 4, 0;
    %store/vec4a v0xe90af8, 4, 0;
    %pushi/vec4 33, 0, 8;
    %ix/load 4, 32, 0;
    %flag_set/imm 4, 0;
    %store/vec4a v0xe90af8, 4, 0;
    %pushi/vec4 34, 0, 8;
    %ix/load 4, 33, 0;
    %flag_set/imm 4, 0;
    %store/vec4a v0xe90af8, 4, 0;
    %pushi/vec4 35, 0, 8;
    %ix/load 4, 34, 0;
    %flag_set/imm 4, 0;
    %store/vec4a v0xe90af8, 4, 0;
    %pushi/vec4 36, 0, 8;
    %ix/load 4, 35, 0;
    %flag_set/imm 4, 0;
    %store/vec4a v0xe90af8, 4, 0;
    %pushi/vec4 37, 0, 8;
    %ix/load 4, 36, 0;
    %flag_set/imm 4, 0;
    %store/vec4a v0xe90af8, 4, 0;
    %pushi/vec4 38, 0, 8;
    %ix/load 4, 37, 0;
    %flag_set/imm 4, 0;
    %store/vec4a v0xe90af8, 4, 0;
    %pushi/vec4 39, 0, 8;
    %ix/load 4, 38, 0;
    %flag_set/imm 4, 0;
    %store/vec4a v0xe90af8, 4, 0;
    %pushi/vec4 40, 0, 8;
    %ix/load 4, 39, 0;
    %flag_set/imm 4, 0;
    %store/vec4a v0xe90af8, 4, 0;
    %pushi/vec4 41, 0, 8;
    %ix/load 4, 40, 0;
    %flag_set/imm 4, 0;
    %store/vec4a v0xe90af8, 4, 0;
    %pushi/vec4 41, 0, 8;
    %ix/load 4, 41, 0;
    %flag_set/imm 4, 0;
    %store/vec4a v0xe90af8, 4, 0;
    %pushi/vec4 42, 0, 8;
    %ix/load 4, 42, 0;
    %flag_set/imm 4, 0;
    %store/vec4a v0xe90af8, 4, 0;
    %pushi/vec4 43, 0, 8;
    %ix/load 4, 43, 0;
    %flag_set/imm 4, 0;
    %store/vec4a v0xe90af8, 4, 0;
    %pushi/vec4 44, 0, 8;
    %ix/load 4, 44, 0;
    %flag_set/imm 4, 0;
    %store/vec4a v0xe90af8, 4, 0;
    %pushi/vec4 45, 0, 8;
    %ix/load 4, 45, 0;
    %flag_set/imm 4, 0;
    %store/vec4a v0xe90af8, 4, 0;
    %pushi/vec4 46, 0, 8;
    %ix/load 4, 46, 0;
    %flag_set/imm 4, 0;
    %store/vec4a v0xe90af8, 4, 0;
    %pushi/vec4 46, 0, 8;
    %ix/load 4, 47, 0;
    %flag_set/imm 4, 0;
    %store/vec4a v0xe90af8, 4, 0;
    %pushi/vec4 47, 0, 8;
    %ix/load 4, 48, 0;
    %flag_set/imm 4, 0;
    %store/vec4a v0xe90af8, 4, 0;
    %pushi/vec4 48, 0, 8;
    %ix/load 4, 49, 0;
    %flag_set/imm 4, 0;
    %store/vec4a v0xe90af8, 4, 0;
    %pushi/vec4 49, 0, 8;
    %ix/load 4, 50, 0;
    %flag_set/imm 4, 0;
    %store/vec4a v0xe90af8, 4, 0;
    %pushi/vec4 49, 0, 8;
    %ix/load 4, 51, 0;
    %flag_set/imm 4, 0;
    %store/vec4a v0xe90af8, 4, 0;
    %pushi/vec4 50, 0, 8;
    %ix/load 4, 52, 0;
    %flag_set/imm 4, 0;
    %store/vec4a v0xe90af8, 4, 0;
    %pushi/vec4 51, 0, 8;
    %ix/load 4, 53, 0;
    %flag_set/imm 4, 0;
    %store/vec4a v0xe90af8, 4, 0;
    %pushi/vec4 51, 0, 8;
    %ix/load 4, 54, 0;
    %flag_set/imm 4, 0;
    %store/vec4a v0xe90af8, 4, 0;
    %pushi/vec4 52, 0, 8;
    %ix/load 4, 55, 0;
    %flag_set/imm 4, 0;
    %store/vec4a v0xe90af8, 4, 0;
    %pushi/vec4 53, 0, 8;
    %ix/load 4, 56, 0;
    %flag_set/imm 4, 0;
    %store/vec4a v0xe90af8, 4, 0;
    %pushi/vec4 53, 0, 8;
    %ix/load 4, 57, 0;
    %flag_set/imm 4, 0;
    %store/vec4a v0xe90af8, 4, 0;
    %pushi/vec4 54, 0, 8;
    %ix/load 4, 58, 0;
    %flag_set/imm 4, 0;
    %store/vec4a v0xe90af8, 4, 0;
    %pushi/vec4 54, 0, 8;
    %ix/load 4, 59, 0;
    %flag_set/imm 4, 0;
    %store/vec4a v0xe90af8, 4, 0;
    %pushi/vec4 55, 0, 8;
    %ix/load 4, 60, 0;
    %flag_set/imm 4, 0;
    %store/vec4a v0xe90af8, 4, 0;
    %pushi/vec4 55, 0, 8;
    %ix/load 4, 61, 0;
    %flag_set/imm 4, 0;
    %store/vec4a v0xe90af8, 4, 0;
    %pushi/vec4 56, 0, 8;
    %ix/load 4, 62, 0;
    %flag_set/imm 4, 0;
    %store/vec4a v0xe90af8, 4, 0;
    %pushi/vec4 57, 0, 8;
    %ix/load 4, 63, 0;
    %flag_set/imm 4, 0;
    %store/vec4a v0xe90af8, 4, 0;
    %pushi/vec4 57, 0, 8;
    %ix/load 4, 64, 0;
    %flag_set/imm 4, 0;
    %store/vec4a v0xe90af8, 4, 0;
    %pushi/vec4 58, 0, 8;
    %ix/load 4, 65, 0;
    %flag_set/imm 4, 0;
    %store/vec4a v0xe90af8, 4, 0;
    %pushi/vec4 58, 0, 8;
    %ix/load 4, 66, 0;
    %flag_set/imm 4, 0;
    %store/vec4a v0xe90af8, 4, 0;
    %pushi/vec4 58, 0, 8;
    %ix/load 4, 67, 0;
    %flag_set/imm 4, 0;
    %store/vec4a v0xe90af8, 4, 0;
    %pushi/vec4 59, 0, 8;
    %ix/load 4, 68, 0;
    %flag_set/imm 4, 0;
    %store/vec4a v0xe90af8, 4, 0;
    %pushi/vec4 59, 0, 8;
    %ix/load 4, 69, 0;
    %flag_set/imm 4, 0;
    %store/vec4a v0xe90af8, 4, 0;
    %pushi/vec4 60, 0, 8;
    %ix/load 4, 70, 0;
    %flag_set/imm 4, 0;
    %store/vec4a v0xe90af8, 4, 0;
    %pushi/vec4 60, 0, 8;
    %ix/load 4, 71, 0;
    %flag_set/imm 4, 0;
    %store/vec4a v0xe90af8, 4, 0;
    %pushi/vec4 60, 0, 8;
    %ix/load 4, 72, 0;
    %flag_set/imm 4, 0;
    %store/vec4a v0xe90af8, 4, 0;
    %pushi/vec4 61, 0, 8;
    %ix/load 4, 73, 0;
    %flag_set/imm 4, 0;
    %store/vec4a v0xe90af8, 4, 0;
    %pushi/vec4 61, 0, 8;
    %ix/load 4, 74, 0;
    %flag_set/imm 4, 0;
    %store/vec4a v0xe90af8, 4, 0;
    %pushi/vec4 61, 0, 8;
    %ix/load 4, 75, 0;
    %flag_set/imm 4, 0;
    %store/vec4a v0xe90af8, 4, 0;
    %pushi/vec4 62, 0, 8;
    %ix/load 4, 76, 0;
    %flag_set/imm 4, 0;
    %store/vec4a v0xe90af8, 4, 0;
    %pushi/vec4 62, 0, 8;
    %ix/load 4, 77, 0;
    %flag_set/imm 4, 0;
    %store/vec4a v0xe90af8, 4, 0;
    %pushi/vec4 62, 0, 8;
    %ix/load 4, 78, 0;
    %flag_set/imm 4, 0;
    %store/vec4a v0xe90af8, 4, 0;
    %pushi/vec4 62, 0, 8;
    %ix/load 4, 79, 0;
    %flag_set/imm 4, 0;
    %store/vec4a v0xe90af8, 4, 0;
    %pushi/vec4 63, 0, 8;
    %ix/load 4, 80, 0;
    %flag_set/imm 4, 0;
    %store/vec4a v0xe90af8, 4, 0;
    %pushi/vec4 63, 0, 8;
    %ix/load 4, 81, 0;
    %flag_set/imm 4, 0;
    %store/vec4a v0xe90af8, 4, 0;
    %pushi/vec4 63, 0, 8;
    %ix/load 4, 82, 0;
    %flag_set/imm 4, 0;
    %store/vec4a v0xe90af8, 4, 0;
    %pushi/vec4 63, 0, 8;
    %ix/load 4, 83, 0;
    %flag_set/imm 4, 0;
    %store/vec4a v0xe90af8, 4, 0;
    %pushi/vec4 63, 0, 8;
    %ix/load 4, 84, 0;
    %flag_set/imm 4, 0;
    %store/vec4a v0xe90af8, 4, 0;
    %pushi/vec4 63, 0, 8;
    %ix/load 4, 85, 0;
    %flag_set/imm 4, 0;
    %store/vec4a v0xe90af8, 4, 0;
    %pushi/vec4 63, 0, 8;
    %ix/load 4, 86, 0;
    %flag_set/imm 4, 0;
    %store/vec4a v0xe90af8, 4, 0;
    %pushi/vec4 63, 0, 8;
    %ix/load 4, 87, 0;
    %flag_set/imm 4, 0;
    %store/vec4a v0xe90af8, 4, 0;
    %pushi/vec4 63, 0, 8;
    %ix/load 4, 88, 0;
    %flag_set/imm 4, 0;
    %store/vec4a v0xe90af8, 4, 0;
    %pushi/vec4 63, 0, 8;
    %ix/load 4, 89, 0;
    %flag_set/imm 4, 0;
    %store/vec4a v0xe90af8, 4, 0;
    %pushi/vec4 63, 0, 8;
    %ix/load 4, 90, 0;
    %flag_set/imm 4, 0;
    %store/vec4a v0xe90af8, 4, 0;
    %pushi/vec4 63, 0, 8;
    %ix/load 4, 91, 0;
    %flag_set/imm 4, 0;
    %store/vec4a v0xe90af8, 4, 0;
    %pushi/vec4 63, 0, 8;
    %ix/load 4, 92, 0;
    %flag_set/imm 4, 0;
    %store/vec4a v0xe90af8, 4, 0;
    %pushi/vec4 63, 0, 8;
    %ix/load 4, 93, 0;
    %flag_set/imm 4, 0;
    %store/vec4a v0xe90af8, 4, 0;
    %pushi/vec4 63, 0, 8;
    %ix/load 4, 94, 0;
    %flag_set/imm 4, 0;
    %store/vec4a v0xe90af8, 4, 0;
    %pushi/vec4 63, 0, 8;
    %ix/load 4, 95, 0;
    %flag_set/imm 4, 0;
    %store/vec4a v0xe90af8, 4, 0;
    %pushi/vec4 63, 0, 8;
    %ix/load 4, 96, 0;
    %flag_set/imm 4, 0;
    %store/vec4a v0xe90af8, 4, 0;
    %pushi/vec4 63, 0, 8;
    %ix/load 4, 97, 0;
    %flag_set/imm 4, 0;
    %store/vec4a v0xe90af8, 4, 0;
    %pushi/vec4 63, 0, 8;
    %ix/load 4, 98, 0;
    %flag_set/imm 4, 0;
    %store/vec4a v0xe90af8, 4, 0;
    %pushi/vec4 63, 0, 8;
    %ix/load 4, 99, 0;
    %flag_set/imm 4, 0;
    %store/vec4a v0xe90af8, 4, 0;
    %pushi/vec4 63, 0, 8;
    %ix/load 4, 100, 0;
    %flag_set/imm 4, 0;
    %store/vec4a v0xe90af8, 4, 0;
    %pushi/vec4 62, 0, 8;
    %ix/load 4, 101, 0;
    %flag_set/imm 4, 0;
    %store/vec4a v0xe90af8, 4, 0;
    %pushi/vec4 62, 0, 8;
    %ix/load 4, 102, 0;
    %flag_set/imm 4, 0;
    %store/vec4a v0xe90af8, 4, 0;
    %pushi/vec4 62, 0, 8;
    %ix/load 4, 103, 0;
    %flag_set/imm 4, 0;
    %store/vec4a v0xe90af8, 4, 0;
    %pushi/vec4 62, 0, 8;
    %ix/load 4, 104, 0;
    %flag_set/imm 4, 0;
    %store/vec4a v0xe90af8, 4, 0;
    %pushi/vec4 61, 0, 8;
    %ix/load 4, 105, 0;
    %flag_set/imm 4, 0;
    %store/vec4a v0xe90af8, 4, 0;
    %pushi/vec4 61, 0, 8;
    %ix/load 4, 106, 0;
    %flag_set/imm 4, 0;
    %store/vec4a v0xe90af8, 4, 0;
    %pushi/vec4 61, 0, 8;
    %ix/load 4, 107, 0;
    %flag_set/imm 4, 0;
    %store/vec4a v0xe90af8, 4, 0;
    %pushi/vec4 60, 0, 8;
    %ix/load 4, 108, 0;
    %flag_set/imm 4, 0;
    %store/vec4a v0xe90af8, 4, 0;
    %pushi/vec4 60, 0, 8;
    %ix/load 4, 109, 0;
    %flag_set/imm 4, 0;
    %store/vec4a v0xe90af8, 4, 0;
    %pushi/vec4 60, 0, 8;
    %ix/load 4, 110, 0;
    %flag_set/imm 4, 0;
    %store/vec4a v0xe90af8, 4, 0;
    %pushi/vec4 59, 0, 8;
    %ix/load 4, 111, 0;
    %flag_set/imm 4, 0;
    %store/vec4a v0xe90af8, 4, 0;
    %pushi/vec4 59, 0, 8;
    %ix/load 4, 112, 0;
    %flag_set/imm 4, 0;
    %store/vec4a v0xe90af8, 4, 0;
    %pushi/vec4 58, 0, 8;
    %ix/load 4, 113, 0;
    %flag_set/imm 4, 0;
    %store/vec4a v0xe90af8, 4, 0;
    %pushi/vec4 58, 0, 8;
    %ix/load 4, 114, 0;
    %flag_set/imm 4, 0;
    %store/vec4a v0xe90af8, 4, 0;
    %pushi/vec4 58, 0, 8;
    %ix/load 4, 115, 0;
    %flag_set/imm 4, 0;
    %store/vec4a v0xe90af8, 4, 0;
    %pushi/vec4 57, 0, 8;
    %ix/load 4, 116, 0;
    %flag_set/imm 4, 0;
    %store/vec4a v0xe90af8, 4, 0;
    %pushi/vec4 57, 0, 8;
    %ix/load 4, 117, 0;
    %flag_set/imm 4, 0;
    %store/vec4a v0xe90af8, 4, 0;
    %pushi/vec4 56, 0, 8;
    %ix/load 4, 118, 0;
    %flag_set/imm 4, 0;
    %store/vec4a v0xe90af8, 4, 0;
    %pushi/vec4 55, 0, 8;
    %ix/load 4, 119, 0;
    %flag_set/imm 4, 0;
    %store/vec4a v0xe90af8, 4, 0;
    %pushi/vec4 55, 0, 8;
    %ix/load 4, 120, 0;
    %flag_set/imm 4, 0;
    %store/vec4a v0xe90af8, 4, 0;
    %pushi/vec4 54, 0, 8;
    %ix/load 4, 121, 0;
    %flag_set/imm 4, 0;
    %store/vec4a v0xe90af8, 4, 0;
    %pushi/vec4 54, 0, 8;
    %ix/load 4, 122, 0;
    %flag_set/imm 4, 0;
    %store/vec4a v0xe90af8, 4, 0;
    %pushi/vec4 53, 0, 8;
    %ix/load 4, 123, 0;
    %flag_set/imm 4, 0;
    %store/vec4a v0xe90af8, 4, 0;
    %pushi/vec4 53, 0, 8;
    %ix/load 4, 124, 0;
    %flag_set/imm 4, 0;
    %store/vec4a v0xe90af8, 4, 0;
    %pushi/vec4 52, 0, 8;
    %ix/load 4, 125, 0;
    %flag_set/imm 4, 0;
    %store/vec4a v0xe90af8, 4, 0;
    %pushi/vec4 51, 0, 8;
    %ix/load 4, 126, 0;
    %flag_set/imm 4, 0;
    %store/vec4a v0xe90af8, 4, 0;
    %pushi/vec4 51, 0, 8;
    %ix/load 4, 127, 0;
    %flag_set/imm 4, 0;
    %store/vec4a v0xe90af8, 4, 0;
    %pushi/vec4 50, 0, 8;
    %ix/load 4, 128, 0;
    %flag_set/imm 4, 0;
    %store/vec4a v0xe90af8, 4, 0;
    %pushi/vec4 49, 0, 8;
    %ix/load 4, 129, 0;
    %flag_set/imm 4, 0;
    %store/vec4a v0xe90af8, 4, 0;
    %pushi/vec4 49, 0, 8;
    %ix/load 4, 130, 0;
    %flag_set/imm 4, 0;
    %store/vec4a v0xe90af8, 4, 0;
    %pushi/vec4 48, 0, 8;
    %ix/load 4, 131, 0;
    %flag_set/imm 4, 0;
    %store/vec4a v0xe90af8, 4, 0;
    %pushi/vec4 47, 0, 8;
    %ix/load 4, 132, 0;
    %flag_set/imm 4, 0;
    %store/vec4a v0xe90af8, 4, 0;
    %pushi/vec4 46, 0, 8;
    %ix/load 4, 133, 0;
    %flag_set/imm 4, 0;
    %store/vec4a v0xe90af8, 4, 0;
    %pushi/vec4 46, 0, 8;
    %ix/load 4, 134, 0;
    %flag_set/imm 4, 0;
    %store/vec4a v0xe90af8, 4, 0;
    %pushi/vec4 45, 0, 8;
    %ix/load 4, 135, 0;
    %flag_set/imm 4, 0;
    %store/vec4a v0xe90af8, 4, 0;
    %pushi/vec4 44, 0, 8;
    %ix/load 4, 136, 0;
    %flag_set/imm 4, 0;
    %store/vec4a v0xe90af8, 4, 0;
    %pushi/vec4 43, 0, 8;
    %ix/load 4, 137, 0;
    %flag_set/imm 4, 0;
    %store/vec4a v0xe90af8, 4, 0;
    %pushi/vec4 42, 0, 8;
    %ix/load 4, 138, 0;
    %flag_set/imm 4, 0;
    %store/vec4a v0xe90af8, 4, 0;
    %pushi/vec4 41, 0, 8;
    %ix/load 4, 139, 0;
    %flag_set/imm 4, 0;
    %store/vec4a v0xe90af8, 4, 0;
    %pushi/vec4 41, 0, 8;
    %ix/load 4, 140, 0;
    %flag_set/imm 4, 0;
    %store/vec4a v0xe90af8, 4, 0;
    %pushi/vec4 40, 0, 8;
    %ix/load 4, 141, 0;
    %flag_set/imm 4, 0;
    %store/vec4a v0xe90af8, 4, 0;
    %pushi/vec4 39, 0, 8;
    %ix/load 4, 142, 0;
    %flag_set/imm 4, 0;
    %store/vec4a v0xe90af8, 4, 0;
    %pushi/vec4 38, 0, 8;
    %ix/load 4, 143, 0;
    %flag_set/imm 4, 0;
    %store/vec4a v0xe90af8, 4, 0;
    %pushi/vec4 37, 0, 8;
    %ix/load 4, 144, 0;
    %flag_set/imm 4, 0;
    %store/vec4a v0xe90af8, 4, 0;
    %pushi/vec4 36, 0, 8;
    %ix/load 4, 145, 0;
    %flag_set/imm 4, 0;
    %store/vec4a v0xe90af8, 4, 0;
    %pushi/vec4 35, 0, 8;
    %ix/load 4, 146, 0;
    %flag_set/imm 4, 0;
    %store/vec4a v0xe90af8, 4, 0;
    %pushi/vec4 34, 0, 8;
    %ix/load 4, 147, 0;
    %flag_set/imm 4, 0;
    %store/vec4a v0xe90af8, 4, 0;
    %pushi/vec4 33, 0, 8;
    %ix/load 4, 148, 0;
    %flag_set/imm 4, 0;
    %store/vec4a v0xe90af8, 4, 0;
    %pushi/vec4 32, 0, 8;
    %ix/load 4, 149, 0;
    %flag_set/imm 4, 0;
    %store/vec4a v0xe90af8, 4, 0;
    %pushi/vec4 32, 0, 8;
    %ix/load 4, 150, 0;
    %flag_set/imm 4, 0;
    %store/vec4a v0xe90af8, 4, 0;
    %pushi/vec4 31, 0, 8;
    %ix/load 4, 151, 0;
    %flag_set/imm 4, 0;
    %store/vec4a v0xe90af8, 4, 0;
    %pushi/vec4 30, 0, 8;
    %ix/load 4, 152, 0;
    %flag_set/imm 4, 0;
    %store/vec4a v0xe90af8, 4, 0;
    %pushi/vec4 29, 0, 8;
    %ix/load 4, 153, 0;
    %flag_set/imm 4, 0;
    %store/vec4a v0xe90af8, 4, 0;
    %pushi/vec4 28, 0, 8;
    %ix/load 4, 154, 0;
    %flag_set/imm 4, 0;
    %store/vec4a v0xe90af8, 4, 0;
    %pushi/vec4 27, 0, 8;
    %ix/load 4, 155, 0;
    %flag_set/imm 4, 0;
    %store/vec4a v0xe90af8, 4, 0;
    %pushi/vec4 26, 0, 8;
    %ix/load 4, 156, 0;
    %flag_set/imm 4, 0;
    %store/vec4a v0xe90af8, 4, 0;
    %pushi/vec4 25, 0, 8;
    %ix/load 4, 157, 0;
    %flag_set/imm 4, 0;
    %store/vec4a v0xe90af8, 4, 0;
    %pushi/vec4 23, 0, 8;
    %ix/load 4, 158, 0;
    %flag_set/imm 4, 0;
    %store/vec4a v0xe90af8, 4, 0;
    %pushi/vec4 22, 0, 8;
    %ix/load 4, 159, 0;
    %flag_set/imm 4, 0;
    %store/vec4a v0xe90af8, 4, 0;
    %pushi/vec4 21, 0, 8;
    %ix/load 4, 160, 0;
    %flag_set/imm 4, 0;
    %store/vec4a v0xe90af8, 4, 0;
    %pushi/vec4 20, 0, 8;
    %ix/load 4, 161, 0;
    %flag_set/imm 4, 0;
    %store/vec4a v0xe90af8, 4, 0;
    %pushi/vec4 19, 0, 8;
    %ix/load 4, 162, 0;
    %flag_set/imm 4, 0;
    %store/vec4a v0xe90af8, 4, 0;
    %pushi/vec4 18, 0, 8;
    %ix/load 4, 163, 0;
    %flag_set/imm 4, 0;
    %store/vec4a v0xe90af8, 4, 0;
    %pushi/vec4 17, 0, 8;
    %ix/load 4, 164, 0;
    %flag_set/imm 4, 0;
    %store/vec4a v0xe90af8, 4, 0;
    %pushi/vec4 16, 0, 8;
    %ix/load 4, 165, 0;
    %flag_set/imm 4, 0;
    %store/vec4a v0xe90af8, 4, 0;
    %pushi/vec4 15, 0, 8;
    %ix/load 4, 166, 0;
    %flag_set/imm 4, 0;
    %store/vec4a v0xe90af8, 4, 0;
    %pushi/vec4 14, 0, 8;
    %ix/load 4, 167, 0;
    %flag_set/imm 4, 0;
    %store/vec4a v0xe90af8, 4, 0;
    %pushi/vec4 13, 0, 8;
    %ix/load 4, 168, 0;
    %flag_set/imm 4, 0;
    %store/vec4a v0xe90af8, 4, 0;
    %pushi/vec4 12, 0, 8;
    %ix/load 4, 169, 0;
    %flag_set/imm 4, 0;
    %store/vec4a v0xe90af8, 4, 0;
    %pushi/vec4 11, 0, 8;
    %ix/load 4, 170, 0;
    %flag_set/imm 4, 0;
    %store/vec4a v0xe90af8, 4, 0;
    %pushi/vec4 10, 0, 8;
    %ix/load 4, 171, 0;
    %flag_set/imm 4, 0;
    %store/vec4a v0xe90af8, 4, 0;
    %pushi/vec4 8, 0, 8;
    %ix/load 4, 172, 0;
    %flag_set/imm 4, 0;
    %store/vec4a v0xe90af8, 4, 0;
    %pushi/vec4 7, 0, 8;
    %ix/load 4, 173, 0;
    %flag_set/imm 4, 0;
    %store/vec4a v0xe90af8, 4, 0;
    %pushi/vec4 6, 0, 8;
    %ix/load 4, 174, 0;
    %flag_set/imm 4, 0;
    %store/vec4a v0xe90af8, 4, 0;
    %pushi/vec4 5, 0, 8;
    %ix/load 4, 175, 0;
    %flag_set/imm 4, 0;
    %store/vec4a v0xe90af8, 4, 0;
    %pushi/vec4 4, 0, 8;
    %ix/load 4, 176, 0;
    %flag_set/imm 4, 0;
    %store/vec4a v0xe90af8, 4, 0;
    %pushi/vec4 3, 0, 8;
    %ix/load 4, 177, 0;
    %flag_set/imm 4, 0;
    %store/vec4a v0xe90af8, 4, 0;
    %pushi/vec4 2, 0, 8;
    %ix/load 4, 178, 0;
    %flag_set/imm 4, 0;
    %store/vec4a v0xe90af8, 4, 0;
    %pushi/vec4 1, 0, 8;
    %ix/load 4, 179, 0;
    %flag_set/imm 4, 0;
    %store/vec4a v0xe90af8, 4, 0;
    %pushi/vec4 0, 0, 8;
    %ix/load 4, 180, 0;
    %flag_set/imm 4, 0;
    %store/vec4a v0xe90af8, 4, 0;
    %pushi/vec4 255, 0, 8;
    %ix/load 4, 181, 0;
    %flag_set/imm 4, 0;
    %store/vec4a v0xe90af8, 4, 0;
    %pushi/vec4 254, 0, 8;
    %ix/load 4, 182, 0;
    %flag_set/imm 4, 0;
    %store/vec4a v0xe90af8, 4, 0;
    %pushi/vec4 253, 0, 8;
    %ix/load 4, 183, 0;
    %flag_set/imm 4, 0;
    %store/vec4a v0xe90af8, 4, 0;
    %pushi/vec4 252, 0, 8;
    %ix/load 4, 184, 0;
    %flag_set/imm 4, 0;
    %store/vec4a v0xe90af8, 4, 0;
    %pushi/vec4 251, 0, 8;
    %ix/load 4, 185, 0;
    %flag_set/imm 4, 0;
    %store/vec4a v0xe90af8, 4, 0;
    %pushi/vec4 250, 0, 8;
    %ix/load 4, 186, 0;
    %flag_set/imm 4, 0;
    %store/vec4a v0xe90af8, 4, 0;
    %pushi/vec4 249, 0, 8;
    %ix/load 4, 187, 0;
    %flag_set/imm 4, 0;
    %store/vec4a v0xe90af8, 4, 0;
    %pushi/vec4 248, 0, 8;
    %ix/load 4, 188, 0;
    %flag_set/imm 4, 0;
    %store/vec4a v0xe90af8, 4, 0;
    %pushi/vec4 246, 0, 8;
    %ix/load 4, 189, 0;
    %flag_set/imm 4, 0;
    %store/vec4a v0xe90af8, 4, 0;
    %pushi/vec4 245, 0, 8;
    %ix/load 4, 190, 0;
    %flag_set/imm 4, 0;
    %store/vec4a v0xe90af8, 4, 0;
    %pushi/vec4 244, 0, 8;
    %ix/load 4, 191, 0;
    %flag_set/imm 4, 0;
    %store/vec4a v0xe90af8, 4, 0;
    %pushi/vec4 243, 0, 8;
    %ix/load 4, 192, 0;
    %flag_set/imm 4, 0;
    %store/vec4a v0xe90af8, 4, 0;
    %pushi/vec4 242, 0, 8;
    %ix/load 4, 193, 0;
    %flag_set/imm 4, 0;
    %store/vec4a v0xe90af8, 4, 0;
    %pushi/vec4 241, 0, 8;
    %ix/load 4, 194, 0;
    %flag_set/imm 4, 0;
    %store/vec4a v0xe90af8, 4, 0;
    %pushi/vec4 240, 0, 8;
    %ix/load 4, 195, 0;
    %flag_set/imm 4, 0;
    %store/vec4a v0xe90af8, 4, 0;
    %pushi/vec4 239, 0, 8;
    %ix/load 4, 196, 0;
    %flag_set/imm 4, 0;
    %store/vec4a v0xe90af8, 4, 0;
    %pushi/vec4 238, 0, 8;
    %ix/load 4, 197, 0;
    %flag_set/imm 4, 0;
    %store/vec4a v0xe90af8, 4, 0;
    %pushi/vec4 237, 0, 8;
    %ix/load 4, 198, 0;
    %flag_set/imm 4, 0;
    %store/vec4a v0xe90af8, 4, 0;
    %pushi/vec4 236, 0, 8;
    %ix/load 4, 199, 0;
    %flag_set/imm 4, 0;
    %store/vec4a v0xe90af8, 4, 0;
    %pushi/vec4 235, 0, 8;
    %ix/load 4, 200, 0;
    %flag_set/imm 4, 0;
    %store/vec4a v0xe90af8, 4, 0;
    %pushi/vec4 234, 0, 8;
    %ix/load 4, 201, 0;
    %flag_set/imm 4, 0;
    %store/vec4a v0xe90af8, 4, 0;
    %pushi/vec4 233, 0, 8;
    %ix/load 4, 202, 0;
    %flag_set/imm 4, 0;
    %store/vec4a v0xe90af8, 4, 0;
    %pushi/vec4 231, 0, 8;
    %ix/load 4, 203, 0;
    %flag_set/imm 4, 0;
    %store/vec4a v0xe90af8, 4, 0;
    %pushi/vec4 230, 0, 8;
    %ix/load 4, 204, 0;
    %flag_set/imm 4, 0;
    %store/vec4a v0xe90af8, 4, 0;
    %pushi/vec4 229, 0, 8;
    %ix/load 4, 205, 0;
    %flag_set/imm 4, 0;
    %store/vec4a v0xe90af8, 4, 0;
    %pushi/vec4 228, 0, 8;
    %ix/load 4, 206, 0;
    %flag_set/imm 4, 0;
    %store/vec4a v0xe90af8, 4, 0;
    %pushi/vec4 227, 0, 8;
    %ix/load 4, 207, 0;
    %flag_set/imm 4, 0;
    %store/vec4a v0xe90af8, 4, 0;
    %pushi/vec4 226, 0, 8;
    %ix/load 4, 208, 0;
    %flag_set/imm 4, 0;
    %store/vec4a v0xe90af8, 4, 0;
    %pushi/vec4 225, 0, 8;
    %ix/load 4, 209, 0;
    %flag_set/imm 4, 0;
    %store/vec4a v0xe90af8, 4, 0;
    %pushi/vec4 225, 0, 8;
    %ix/load 4, 210, 0;
    %flag_set/imm 4, 0;
    %store/vec4a v0xe90af8, 4, 0;
    %pushi/vec4 224, 0, 8;
    %ix/load 4, 211, 0;
    %flag_set/imm 4, 0;
    %store/vec4a v0xe90af8, 4, 0;
    %pushi/vec4 223, 0, 8;
    %ix/load 4, 212, 0;
    %flag_set/imm 4, 0;
    %store/vec4a v0xe90af8, 4, 0;
    %pushi/vec4 222, 0, 8;
    %ix/load 4, 213, 0;
    %flag_set/imm 4, 0;
    %store/vec4a v0xe90af8, 4, 0;
    %pushi/vec4 221, 0, 8;
    %ix/load 4, 214, 0;
    %flag_set/imm 4, 0;
    %store/vec4a v0xe90af8, 4, 0;
    %pushi/vec4 220, 0, 8;
    %ix/load 4, 215, 0;
    %flag_set/imm 4, 0;
    %store/vec4a v0xe90af8, 4, 0;
    %pushi/vec4 219, 0, 8;
    %ix/load 4, 216, 0;
    %flag_set/imm 4, 0;
    %store/vec4a v0xe90af8, 4, 0;
    %pushi/vec4 218, 0, 8;
    %ix/load 4, 217, 0;
    %flag_set/imm 4, 0;
    %store/vec4a v0xe90af8, 4, 0;
    %pushi/vec4 217, 0, 8;
    %ix/load 4, 218, 0;
    %flag_set/imm 4, 0;
    %store/vec4a v0xe90af8, 4, 0;
    %pushi/vec4 216, 0, 8;
    %ix/load 4, 219, 0;
    %flag_set/imm 4, 0;
    %store/vec4a v0xe90af8, 4, 0;
    %pushi/vec4 215, 0, 8;
    %ix/load 4, 220, 0;
    %flag_set/imm 4, 0;
    %store/vec4a v0xe90af8, 4, 0;
    %pushi/vec4 215, 0, 8;
    %ix/load 4, 221, 0;
    %flag_set/imm 4, 0;
    %store/vec4a v0xe90af8, 4, 0;
    %pushi/vec4 214, 0, 8;
    %ix/load 4, 222, 0;
    %flag_set/imm 4, 0;
    %store/vec4a v0xe90af8, 4, 0;
    %pushi/vec4 213, 0, 8;
    %ix/load 4, 223, 0;
    %flag_set/imm 4, 0;
    %store/vec4a v0xe90af8, 4, 0;
    %pushi/vec4 212, 0, 8;
    %ix/load 4, 224, 0;
    %flag_set/imm 4, 0;
    %store/vec4a v0xe90af8, 4, 0;
    %pushi/vec4 211, 0, 8;
    %ix/load 4, 225, 0;
    %flag_set/imm 4, 0;
    %store/vec4a v0xe90af8, 4, 0;
    %pushi/vec4 210, 0, 8;
    %ix/load 4, 226, 0;
    %flag_set/imm 4, 0;
    %store/vec4a v0xe90af8, 4, 0;
    %pushi/vec4 210, 0, 8;
    %ix/load 4, 227, 0;
    %flag_set/imm 4, 0;
    %store/vec4a v0xe90af8, 4, 0;
    %pushi/vec4 209, 0, 8;
    %ix/load 4, 228, 0;
    %flag_set/imm 4, 0;
    %store/vec4a v0xe90af8, 4, 0;
    %pushi/vec4 208, 0, 8;
    %ix/load 4, 229, 0;
    %flag_set/imm 4, 0;
    %store/vec4a v0xe90af8, 4, 0;
    %pushi/vec4 207, 0, 8;
    %ix/load 4, 230, 0;
    %flag_set/imm 4, 0;
    %store/vec4a v0xe90af8, 4, 0;
    %pushi/vec4 207, 0, 8;
    %ix/load 4, 231, 0;
    %flag_set/imm 4, 0;
    %store/vec4a v0xe90af8, 4, 0;
    %pushi/vec4 206, 0, 8;
    %ix/load 4, 232, 0;
    %flag_set/imm 4, 0;
    %store/vec4a v0xe90af8, 4, 0;
    %pushi/vec4 205, 0, 8;
    %ix/load 4, 233, 0;
    %flag_set/imm 4, 0;
    %store/vec4a v0xe90af8, 4, 0;
    %pushi/vec4 205, 0, 8;
    %ix/load 4, 234, 0;
    %flag_set/imm 4, 0;
    %store/vec4a v0xe90af8, 4, 0;
    %pushi/vec4 204, 0, 8;
    %ix/load 4, 235, 0;
    %flag_set/imm 4, 0;
    %store/vec4a v0xe90af8, 4, 0;
    %pushi/vec4 203, 0, 8;
    %ix/load 4, 236, 0;
    %flag_set/imm 4, 0;
    %store/vec4a v0xe90af8, 4, 0;
    %pushi/vec4 203, 0, 8;
    %ix/load 4, 237, 0;
    %flag_set/imm 4, 0;
    %store/vec4a v0xe90af8, 4, 0;
    %pushi/vec4 202, 0, 8;
    %ix/load 4, 238, 0;
    %flag_set/imm 4, 0;
    %store/vec4a v0xe90af8, 4, 0;
    %pushi/vec4 202, 0, 8;
    %ix/load 4, 239, 0;
    %flag_set/imm 4, 0;
    %store/vec4a v0xe90af8, 4, 0;
    %pushi/vec4 201, 0, 8;
    %ix/load 4, 240, 0;
    %flag_set/imm 4, 0;
    %store/vec4a v0xe90af8, 4, 0;
    %pushi/vec4 201, 0, 8;
    %ix/load 4, 241, 0;
    %flag_set/imm 4, 0;
    %store/vec4a v0xe90af8, 4, 0;
    %pushi/vec4 200, 0, 8;
    %ix/load 4, 242, 0;
    %flag_set/imm 4, 0;
    %store/vec4a v0xe90af8, 4, 0;
    %pushi/vec4 199, 0, 8;
    %ix/load 4, 243, 0;
    %flag_set/imm 4, 0;
    %store/vec4a v0xe90af8, 4, 0;
    %pushi/vec4 199, 0, 8;
    %ix/load 4, 244, 0;
    %flag_set/imm 4, 0;
    %store/vec4a v0xe90af8, 4, 0;
    %pushi/vec4 198, 0, 8;
    %ix/load 4, 245, 0;
    %flag_set/imm 4, 0;
    %store/vec4a v0xe90af8, 4, 0;
    %pushi/vec4 198, 0, 8;
    %ix/load 4, 246, 0;
    %flag_set/imm 4, 0;
    %store/vec4a v0xe90af8, 4, 0;
    %pushi/vec4 198, 0, 8;
    %ix/load 4, 247, 0;
    %flag_set/imm 4, 0;
    %store/vec4a v0xe90af8, 4, 0;
    %pushi/vec4 197, 0, 8;
    %ix/load 4, 248, 0;
    %flag_set/imm 4, 0;
    %store/vec4a v0xe90af8, 4, 0;
    %pushi/vec4 197, 0, 8;
    %ix/load 4, 249, 0;
    %flag_set/imm 4, 0;
    %store/vec4a v0xe90af8, 4, 0;
    %pushi/vec4 196, 0, 8;
    %ix/load 4, 250, 0;
    %flag_set/imm 4, 0;
    %store/vec4a v0xe90af8, 4, 0;
    %pushi/vec4 196, 0, 8;
    %ix/load 4, 251, 0;
    %flag_set/imm 4, 0;
    %store/vec4a v0xe90af8, 4, 0;
    %pushi/vec4 196, 0, 8;
    %ix/load 4, 252, 0;
    %flag_set/imm 4, 0;
    %store/vec4a v0xe90af8, 4, 0;
    %pushi/vec4 195, 0, 8;
    %ix/load 4, 253, 0;
    %flag_set/imm 4, 0;
    %store/vec4a v0xe90af8, 4, 0;
    %pushi/vec4 195, 0, 8;
    %ix/load 4, 254, 0;
    %flag_set/imm 4, 0;
    %store/vec4a v0xe90af8, 4, 0;
    %pushi/vec4 195, 0, 8;
    %ix/load 4, 255, 0;
    %flag_set/imm 4, 0;
    %store/vec4a v0xe90af8, 4, 0;
    %pushi/vec4 194, 0, 8;
    %ix/load 4, 256, 0;
    %flag_set/imm 4, 0;
    %store/vec4a v0xe90af8, 4, 0;
    %pushi/vec4 194, 0, 8;
    %ix/load 4, 257, 0;
    %flag_set/imm 4, 0;
    %store/vec4a v0xe90af8, 4, 0;
    %pushi/vec4 194, 0, 8;
    %ix/load 4, 258, 0;
    %flag_set/imm 4, 0;
    %store/vec4a v0xe90af8, 4, 0;
    %pushi/vec4 194, 0, 8;
    %ix/load 4, 259, 0;
    %flag_set/imm 4, 0;
    %store/vec4a v0xe90af8, 4, 0;
    %pushi/vec4 193, 0, 8;
    %ix/load 4, 260, 0;
    %flag_set/imm 4, 0;
    %store/vec4a v0xe90af8, 4, 0;
    %pushi/vec4 193, 0, 8;
    %ix/load 4, 261, 0;
    %flag_set/imm 4, 0;
    %store/vec4a v0xe90af8, 4, 0;
    %pushi/vec4 193, 0, 8;
    %ix/load 4, 262, 0;
    %flag_set/imm 4, 0;
    %store/vec4a v0xe90af8, 4, 0;
    %pushi/vec4 193, 0, 8;
    %ix/load 4, 263, 0;
    %flag_set/imm 4, 0;
    %store/vec4a v0xe90af8, 4, 0;
    %pushi/vec4 193, 0, 8;
    %ix/load 4, 264, 0;
    %flag_set/imm 4, 0;
    %store/vec4a v0xe90af8, 4, 0;
    %pushi/vec4 193, 0, 8;
    %ix/load 4, 265, 0;
    %flag_set/imm 4, 0;
    %store/vec4a v0xe90af8, 4, 0;
    %pushi/vec4 193, 0, 8;
    %ix/load 4, 266, 0;
    %flag_set/imm 4, 0;
    %store/vec4a v0xe90af8, 4, 0;
    %pushi/vec4 193, 0, 8;
    %ix/load 4, 267, 0;
    %flag_set/imm 4, 0;
    %store/vec4a v0xe90af8, 4, 0;
    %pushi/vec4 193, 0, 8;
    %ix/load 4, 268, 0;
    %flag_set/imm 4, 0;
    %store/vec4a v0xe90af8, 4, 0;
    %pushi/vec4 193, 0, 8;
    %ix/load 4, 269, 0;
    %flag_set/imm 4, 0;
    %store/vec4a v0xe90af8, 4, 0;
    %pushi/vec4 193, 0, 8;
    %ix/load 4, 270, 0;
    %flag_set/imm 4, 0;
    %store/vec4a v0xe90af8, 4, 0;
    %pushi/vec4 193, 0, 8;
    %ix/load 4, 271, 0;
    %flag_set/imm 4, 0;
    %store/vec4a v0xe90af8, 4, 0;
    %pushi/vec4 193, 0, 8;
    %ix/load 4, 272, 0;
    %flag_set/imm 4, 0;
    %store/vec4a v0xe90af8, 4, 0;
    %pushi/vec4 193, 0, 8;
    %ix/load 4, 273, 0;
    %flag_set/imm 4, 0;
    %store/vec4a v0xe90af8, 4, 0;
    %pushi/vec4 193, 0, 8;
    %ix/load 4, 274, 0;
    %flag_set/imm 4, 0;
    %store/vec4a v0xe90af8, 4, 0;
    %pushi/vec4 193, 0, 8;
    %ix/load 4, 275, 0;
    %flag_set/imm 4, 0;
    %store/vec4a v0xe90af8, 4, 0;
    %pushi/vec4 193, 0, 8;
    %ix/load 4, 276, 0;
    %flag_set/imm 4, 0;
    %store/vec4a v0xe90af8, 4, 0;
    %pushi/vec4 193, 0, 8;
    %ix/load 4, 277, 0;
    %flag_set/imm 4, 0;
    %store/vec4a v0xe90af8, 4, 0;
    %pushi/vec4 193, 0, 8;
    %ix/load 4, 278, 0;
    %flag_set/imm 4, 0;
    %store/vec4a v0xe90af8, 4, 0;
    %pushi/vec4 193, 0, 8;
    %ix/load 4, 279, 0;
    %flag_set/imm 4, 0;
    %store/vec4a v0xe90af8, 4, 0;
    %pushi/vec4 193, 0, 8;
    %ix/load 4, 280, 0;
    %flag_set/imm 4, 0;
    %store/vec4a v0xe90af8, 4, 0;
    %pushi/vec4 194, 0, 8;
    %ix/load 4, 281, 0;
    %flag_set/imm 4, 0;
    %store/vec4a v0xe90af8, 4, 0;
    %pushi/vec4 194, 0, 8;
    %ix/load 4, 282, 0;
    %flag_set/imm 4, 0;
    %store/vec4a v0xe90af8, 4, 0;
    %pushi/vec4 194, 0, 8;
    %ix/load 4, 283, 0;
    %flag_set/imm 4, 0;
    %store/vec4a v0xe90af8, 4, 0;
    %pushi/vec4 194, 0, 8;
    %ix/load 4, 284, 0;
    %flag_set/imm 4, 0;
    %store/vec4a v0xe90af8, 4, 0;
    %pushi/vec4 195, 0, 8;
    %ix/load 4, 285, 0;
    %flag_set/imm 4, 0;
    %store/vec4a v0xe90af8, 4, 0;
    %pushi/vec4 195, 0, 8;
    %ix/load 4, 286, 0;
    %flag_set/imm 4, 0;
    %store/vec4a v0xe90af8, 4, 0;
    %pushi/vec4 195, 0, 8;
    %ix/load 4, 287, 0;
    %flag_set/imm 4, 0;
    %store/vec4a v0xe90af8, 4, 0;
    %pushi/vec4 196, 0, 8;
    %ix/load 4, 288, 0;
    %flag_set/imm 4, 0;
    %store/vec4a v0xe90af8, 4, 0;
    %pushi/vec4 196, 0, 8;
    %ix/load 4, 289, 0;
    %flag_set/imm 4, 0;
    %store/vec4a v0xe90af8, 4, 0;
    %pushi/vec4 196, 0, 8;
    %ix/load 4, 290, 0;
    %flag_set/imm 4, 0;
    %store/vec4a v0xe90af8, 4, 0;
    %pushi/vec4 197, 0, 8;
    %ix/load 4, 291, 0;
    %flag_set/imm 4, 0;
    %store/vec4a v0xe90af8, 4, 0;
    %pushi/vec4 197, 0, 8;
    %ix/load 4, 292, 0;
    %flag_set/imm 4, 0;
    %store/vec4a v0xe90af8, 4, 0;
    %pushi/vec4 198, 0, 8;
    %ix/load 4, 293, 0;
    %flag_set/imm 4, 0;
    %store/vec4a v0xe90af8, 4, 0;
    %pushi/vec4 198, 0, 8;
    %ix/load 4, 294, 0;
    %flag_set/imm 4, 0;
    %store/vec4a v0xe90af8, 4, 0;
    %pushi/vec4 198, 0, 8;
    %ix/load 4, 295, 0;
    %flag_set/imm 4, 0;
    %store/vec4a v0xe90af8, 4, 0;
    %pushi/vec4 199, 0, 8;
    %ix/load 4, 296, 0;
    %flag_set/imm 4, 0;
    %store/vec4a v0xe90af8, 4, 0;
    %pushi/vec4 199, 0, 8;
    %ix/load 4, 297, 0;
    %flag_set/imm 4, 0;
    %store/vec4a v0xe90af8, 4, 0;
    %pushi/vec4 200, 0, 8;
    %ix/load 4, 298, 0;
    %flag_set/imm 4, 0;
    %store/vec4a v0xe90af8, 4, 0;
    %pushi/vec4 201, 0, 8;
    %ix/load 4, 299, 0;
    %flag_set/imm 4, 0;
    %store/vec4a v0xe90af8, 4, 0;
    %pushi/vec4 201, 0, 8;
    %ix/load 4, 300, 0;
    %flag_set/imm 4, 0;
    %store/vec4a v0xe90af8, 4, 0;
    %pushi/vec4 202, 0, 8;
    %ix/load 4, 301, 0;
    %flag_set/imm 4, 0;
    %store/vec4a v0xe90af8, 4, 0;
    %pushi/vec4 202, 0, 8;
    %ix/load 4, 302, 0;
    %flag_set/imm 4, 0;
    %store/vec4a v0xe90af8, 4, 0;
    %pushi/vec4 203, 0, 8;
    %ix/load 4, 303, 0;
    %flag_set/imm 4, 0;
    %store/vec4a v0xe90af8, 4, 0;
    %pushi/vec4 203, 0, 8;
    %ix/load 4, 304, 0;
    %flag_set/imm 4, 0;
    %store/vec4a v0xe90af8, 4, 0;
    %pushi/vec4 204, 0, 8;
    %ix/load 4, 305, 0;
    %flag_set/imm 4, 0;
    %store/vec4a v0xe90af8, 4, 0;
    %pushi/vec4 205, 0, 8;
    %ix/load 4, 306, 0;
    %flag_set/imm 4, 0;
    %store/vec4a v0xe90af8, 4, 0;
    %pushi/vec4 205, 0, 8;
    %ix/load 4, 307, 0;
    %flag_set/imm 4, 0;
    %store/vec4a v0xe90af8, 4, 0;
    %pushi/vec4 206, 0, 8;
    %ix/load 4, 308, 0;
    %flag_set/imm 4, 0;
    %store/vec4a v0xe90af8, 4, 0;
    %pushi/vec4 207, 0, 8;
    %ix/load 4, 309, 0;
    %flag_set/imm 4, 0;
    %store/vec4a v0xe90af8, 4, 0;
    %pushi/vec4 207, 0, 8;
    %ix/load 4, 310, 0;
    %flag_set/imm 4, 0;
    %store/vec4a v0xe90af8, 4, 0;
    %pushi/vec4 208, 0, 8;
    %ix/load 4, 311, 0;
    %flag_set/imm 4, 0;
    %store/vec4a v0xe90af8, 4, 0;
    %pushi/vec4 209, 0, 8;
    %ix/load 4, 312, 0;
    %flag_set/imm 4, 0;
    %store/vec4a v0xe90af8, 4, 0;
    %pushi/vec4 210, 0, 8;
    %ix/load 4, 313, 0;
    %flag_set/imm 4, 0;
    %store/vec4a v0xe90af8, 4, 0;
    %pushi/vec4 210, 0, 8;
    %ix/load 4, 314, 0;
    %flag_set/imm 4, 0;
    %store/vec4a v0xe90af8, 4, 0;
    %pushi/vec4 211, 0, 8;
    %ix/load 4, 315, 0;
    %flag_set/imm 4, 0;
    %store/vec4a v0xe90af8, 4, 0;
    %pushi/vec4 212, 0, 8;
    %ix/load 4, 316, 0;
    %flag_set/imm 4, 0;
    %store/vec4a v0xe90af8, 4, 0;
    %pushi/vec4 213, 0, 8;
    %ix/load 4, 317, 0;
    %flag_set/imm 4, 0;
    %store/vec4a v0xe90af8, 4, 0;
    %pushi/vec4 214, 0, 8;
    %ix/load 4, 318, 0;
    %flag_set/imm 4, 0;
    %store/vec4a v0xe90af8, 4, 0;
    %pushi/vec4 215, 0, 8;
    %ix/load 4, 319, 0;
    %flag_set/imm 4, 0;
    %store/vec4a v0xe90af8, 4, 0;
    %pushi/vec4 215, 0, 8;
    %ix/load 4, 320, 0;
    %flag_set/imm 4, 0;
    %store/vec4a v0xe90af8, 4, 0;
    %pushi/vec4 216, 0, 8;
    %ix/load 4, 321, 0;
    %flag_set/imm 4, 0;
    %store/vec4a v0xe90af8, 4, 0;
    %pushi/vec4 217, 0, 8;
    %ix/load 4, 322, 0;
    %flag_set/imm 4, 0;
    %store/vec4a v0xe90af8, 4, 0;
    %pushi/vec4 218, 0, 8;
    %ix/load 4, 323, 0;
    %flag_set/imm 4, 0;
    %store/vec4a v0xe90af8, 4, 0;
    %pushi/vec4 219, 0, 8;
    %ix/load 4, 324, 0;
    %flag_set/imm 4, 0;
    %store/vec4a v0xe90af8, 4, 0;
    %pushi/vec4 220, 0, 8;
    %ix/load 4, 325, 0;
    %flag_set/imm 4, 0;
    %store/vec4a v0xe90af8, 4, 0;
    %pushi/vec4 221, 0, 8;
    %ix/load 4, 326, 0;
    %flag_set/imm 4, 0;
    %store/vec4a v0xe90af8, 4, 0;
    %pushi/vec4 222, 0, 8;
    %ix/load 4, 327, 0;
    %flag_set/imm 4, 0;
    %store/vec4a v0xe90af8, 4, 0;
    %pushi/vec4 223, 0, 8;
    %ix/load 4, 328, 0;
    %flag_set/imm 4, 0;
    %store/vec4a v0xe90af8, 4, 0;
    %pushi/vec4 224, 0, 8;
    %ix/load 4, 329, 0;
    %flag_set/imm 4, 0;
    %store/vec4a v0xe90af8, 4, 0;
    %pushi/vec4 224, 0, 8;
    %ix/load 4, 330, 0;
    %flag_set/imm 4, 0;
    %store/vec4a v0xe90af8, 4, 0;
    %pushi/vec4 225, 0, 8;
    %ix/load 4, 331, 0;
    %flag_set/imm 4, 0;
    %store/vec4a v0xe90af8, 4, 0;
    %pushi/vec4 226, 0, 8;
    %ix/load 4, 332, 0;
    %flag_set/imm 4, 0;
    %store/vec4a v0xe90af8, 4, 0;
    %pushi/vec4 227, 0, 8;
    %ix/load 4, 333, 0;
    %flag_set/imm 4, 0;
    %store/vec4a v0xe90af8, 4, 0;
    %pushi/vec4 228, 0, 8;
    %ix/load 4, 334, 0;
    %flag_set/imm 4, 0;
    %store/vec4a v0xe90af8, 4, 0;
    %pushi/vec4 229, 0, 8;
    %ix/load 4, 335, 0;
    %flag_set/imm 4, 0;
    %store/vec4a v0xe90af8, 4, 0;
    %pushi/vec4 230, 0, 8;
    %ix/load 4, 336, 0;
    %flag_set/imm 4, 0;
    %store/vec4a v0xe90af8, 4, 0;
    %pushi/vec4 231, 0, 8;
    %ix/load 4, 337, 0;
    %flag_set/imm 4, 0;
    %store/vec4a v0xe90af8, 4, 0;
    %pushi/vec4 233, 0, 8;
    %ix/load 4, 338, 0;
    %flag_set/imm 4, 0;
    %store/vec4a v0xe90af8, 4, 0;
    %pushi/vec4 234, 0, 8;
    %ix/load 4, 339, 0;
    %flag_set/imm 4, 0;
    %store/vec4a v0xe90af8, 4, 0;
    %pushi/vec4 235, 0, 8;
    %ix/load 4, 340, 0;
    %flag_set/imm 4, 0;
    %store/vec4a v0xe90af8, 4, 0;
    %pushi/vec4 236, 0, 8;
    %ix/load 4, 341, 0;
    %flag_set/imm 4, 0;
    %store/vec4a v0xe90af8, 4, 0;
    %pushi/vec4 237, 0, 8;
    %ix/load 4, 342, 0;
    %flag_set/imm 4, 0;
    %store/vec4a v0xe90af8, 4, 0;
    %pushi/vec4 238, 0, 8;
    %ix/load 4, 343, 0;
    %flag_set/imm 4, 0;
    %store/vec4a v0xe90af8, 4, 0;
    %pushi/vec4 239, 0, 8;
    %ix/load 4, 344, 0;
    %flag_set/imm 4, 0;
    %store/vec4a v0xe90af8, 4, 0;
    %pushi/vec4 240, 0, 8;
    %ix/load 4, 345, 0;
    %flag_set/imm 4, 0;
    %store/vec4a v0xe90af8, 4, 0;
    %pushi/vec4 241, 0, 8;
    %ix/load 4, 346, 0;
    %flag_set/imm 4, 0;
    %store/vec4a v0xe90af8, 4, 0;
    %pushi/vec4 242, 0, 8;
    %ix/load 4, 347, 0;
    %flag_set/imm 4, 0;
    %store/vec4a v0xe90af8, 4, 0;
    %pushi/vec4 243, 0, 8;
    %ix/load 4, 348, 0;
    %flag_set/imm 4, 0;
    %store/vec4a v0xe90af8, 4, 0;
    %pushi/vec4 244, 0, 8;
    %ix/load 4, 349, 0;
    %flag_set/imm 4, 0;
    %store/vec4a v0xe90af8, 4, 0;
    %pushi/vec4 245, 0, 8;
    %ix/load 4, 350, 0;
    %flag_set/imm 4, 0;
    %store/vec4a v0xe90af8, 4, 0;
    %pushi/vec4 246, 0, 8;
    %ix/load 4, 351, 0;
    %flag_set/imm 4, 0;
    %store/vec4a v0xe90af8, 4, 0;
    %pushi/vec4 248, 0, 8;
    %ix/load 4, 352, 0;
    %flag_set/imm 4, 0;
    %store/vec4a v0xe90af8, 4, 0;
    %pushi/vec4 249, 0, 8;
    %ix/load 4, 353, 0;
    %flag_set/imm 4, 0;
    %store/vec4a v0xe90af8, 4, 0;
    %pushi/vec4 250, 0, 8;
    %ix/load 4, 354, 0;
    %flag_set/imm 4, 0;
    %store/vec4a v0xe90af8, 4, 0;
    %pushi/vec4 251, 0, 8;
    %ix/load 4, 355, 0;
    %flag_set/imm 4, 0;
    %store/vec4a v0xe90af8, 4, 0;
    %pushi/vec4 252, 0, 8;
    %ix/load 4, 356, 0;
    %flag_set/imm 4, 0;
    %store/vec4a v0xe90af8, 4, 0;
    %pushi/vec4 253, 0, 8;
    %ix/load 4, 357, 0;
    %flag_set/imm 4, 0;
    %store/vec4a v0xe90af8, 4, 0;
    %pushi/vec4 254, 0, 8;
    %ix/load 4, 358, 0;
    %flag_set/imm 4, 0;
    %store/vec4a v0xe90af8, 4, 0;
    %pushi/vec4 255, 0, 8;
    %ix/load 4, 359, 0;
    %flag_set/imm 4, 0;
    %store/vec4a v0xe90af8, 4, 0;
    %end;
    .thread T_0;
    .scope S_0xe4a600;
T_1 ;
    %wait E_0xe4a718;
    %ix/getv/s 4, v0xe90a58_0;
    %load/vec4a v0xe90af8, 4;
    %store/vec4 v0xe90960_0, 0, 8;
    %load/vec4 v0xe90a58_0;
    %addi 1, 0, 32;
    %store/vec4 v0xe90a58_0, 0, 32;
    %load/vec4 v0xe90a58_0;
    %cmpi/e 359, 0, 32;
    %jmp/0xz  T_1.0, 4;
    %pushi/vec4 0, 0, 32;
    %store/vec4 v0xe90a58_0, 0, 32;
T_1.0 ;
    %jmp T_1;
    .thread T_1;
    .scope S_0xe4a600;
T_2 ;
    %wait E_0xe4a718;
    %ix/getv/s 4, v0xe909e0_0;
    %load/vec4a v0xe90af8, 4;
    %store/vec4 v0xe908e8_0, 0, 8;
    %load/vec4 v0xe909e0_0;
    %addi 1, 0, 32;
    %store/vec4 v0xe909e0_0, 0, 32;
    %load/vec4 v0xe909e0_0;
    %cmpi/e 359, 0, 32;
    %jmp/0xz  T_2.0, 4;
    %pushi/vec4 0, 0, 32;
    %store/vec4 v0xe909e0_0, 0, 32;
T_2.0 ;
    %jmp T_2;
    .thread T_2;
    .scope S_0xe90ba0;
T_3 ;
    %wait E_0xe90d00;
    %load/vec4 v0xe90f08_0;
    %inv;
    %flag_set/vec4 8;
    %jmp/0xz  T_3.0, 8;
    %pushi/vec4 0, 0, 8;
    %store/vec4 v0xe91098_0, 0, 8;
    %pushi/vec4 0, 0, 8;
    %store/vec4 v0xe90e38_0, 0, 8;
    %jmp T_3.1;
T_3.0 ;
    %load/vec4 v0xe90e90_0;
    %parti/s 1, 1, 2;
    %pad/u 32;
    %cmpi/e 0, 0, 32;
    %jmp/0xz  T_3.2, 4;
    %load/vec4 v0xe91010_0;
    %inv;
    %addi 1, 0, 8;
    %store/vec4 v0xe91098_0, 0, 8;
T_3.2 ;
    %load/vec4 v0xe90e90_0;
    %parti/s 1, 1, 2;
    %pad/u 32;
    %cmpi/e 1, 0, 32;
    %jmp/0xz  T_3.4, 4;
    %load/vec4 v0xe91010_0;
    %store/vec4 v0xe91098_0, 0, 8;
T_3.4 ;
    %load/vec4 v0xe90e90_0;
    %parti/s 1, 0, 2;
    %pad/u 32;
    %cmpi/e 0, 0, 32;
    %jmp/0xz  T_3.6, 4;
    %load/vec4 v0xe90db0_0;
    %inv;
    %addi 1, 0, 8;
    %store/vec4 v0xe90e38_0, 0, 8;
T_3.6 ;
    %load/vec4 v0xe90e90_0;
    %parti/s 1, 0, 2;
    %pad/u 32;
    %cmpi/e 1, 0, 32;
    %jmp/0xz  T_3.8, 4;
    %load/vec4 v0xe90db0_0;
    %store/vec4 v0xe90e38_0, 0, 8;
T_3.8 ;
T_3.1 ;
    %jmp T_3;
    .thread T_3;
    .scope S_0xe26a28;
T_4 ;
    %pushi/vec4 9, 0, 32;
    %store/vec4 v0xe911e8_0, 0, 32;
    %pushi/vec4 1000, 0, 32;
    %store/vec4 v0xe914c8_0, 0, 32;
    %pushi/vec4 8, 0, 32;
    %store/vec4 v0xe916c0_0, 0, 32;
    %pushi/vec4 0, 0, 32;
    %store/vec4 v0xe91250_0, 0, 32;
    %pushi/vec4 0, 0, 32;
    %store/vec4 v0xe91540_0, 0, 32;
    %pushi/vec4 0, 0, 32;
    %store/vec4 v0xe91738_0, 0, 32;
    %end;
    .thread T_4;
    .scope S_0xe26a28;
T_5 ;
    %wait E_0xe4a718;
    %pushi/vec4 1, 0, 32;
    %load/vec4 v0xe91250_0;
    %add;
    %store/vec4 v0xe91250_0, 0, 32;
    %load/vec4 v0xe91250_0;
    %load/vec4 v0xe911e8_0;
    %cmp/e;
    %jmp/0xz  T_5.0, 4;
    %load/vec4 v0xe912b8_0;
    %inv;
    %store/vec4 v0xe912b8_0, 0, 1;
T_5.0 ;
    %jmp T_5;
    .thread T_5;
    .scope S_0xe26a28;
T_6 ;
    %wait E_0xe4a718;
    %load/vec4 v0xe91540_0;
    %addi 1, 0, 32;
    %store/vec4 v0xe91540_0, 0, 32;
    %load/vec4 v0xe91540_0;
    %load/vec4 v0xe914c8_0;
    %cmp/e;
    %jmp/0xz  T_6.0, 4;
    %load/vec4 v0xe91450_0;
    %store/vec4 v0xe91600_0, 0, 2;
T_6.0 ;
    %jmp T_6;
    .thread T_6;
    .scope S_0xe26a28;
T_7 ;
    %wait E_0xe4a718;
    %pushi/vec4 0, 0, 1;
    %store/vec4 v0xe91668_0, 0, 1;
    %load/vec4 v0xe91738_0;
    %addi 1, 0, 32;
    %store/vec4 v0xe91738_0, 0, 32;
    %load/vec4 v0xe91738_0;
    %load/vec4 v0xe91738_0;
    %subi 1, 0, 32;
    %part/s 1;
    %store/vec4 v0xe913e8_0, 0, 1;
    %load/vec4 v0xe91738_0;
    %load/vec4 v0xe916c0_0;
    %cmp/e;
    %jmp/0xz  T_7.0, 4;
    %pushi/vec4 0, 0, 32;
    %store/vec4 v0xe91738_0, 0, 32;
    %pushi/vec4 1, 0, 1;
    %store/vec4 v0xe91668_0, 0, 1;
T_7.0 ;
    %jmp T_7;
    .thread T_7;
    .scope S_0xe26960;
T_8 ;
    %pushi/vec4 0, 0, 1;
    %store/vec4 v0xe91c98_0, 0, 1;
    %pushi/vec4 0, 0, 1;
    %store/vec4 v0xe91cf0_0, 0, 1;
    %pushi/vec4 0, 0, 1;
    %store/vec4 v0xe91ae0_0, 0, 1;
    %pushi/vec4 0, 0, 1;
    %store/vec4 v0xe91b38_0, 0, 1;
    %vpi_call 2 31 "$dumpfile", "top.vcd" {0 0 0};
    %vpi_call 2 32 "$dumpvars" {0 0 0};
    %pushi/vec4 0, 0, 1;
    %store/vec4 v0xe91980_0, 0, 1;
    %pushi/vec4 0, 0, 1;
    %store/vec4 v0xe91c08_0, 0, 1;
    %pushi/vec4 0, 0, 2;
    %store/vec4 v0xe91a88_0, 0, 2;
    %delay 10000, 0;
    %pushi/vec4 1, 0, 1;
    %store/vec4 v0xe91c08_0, 0, 1;
    %delay 1000000, 0;
    %vpi_call 2 39 "$finish" {0 0 0};
    %end;
    .thread T_8;
    .scope S_0xe26960;
T_9 ;
    %delay 1, 0;
    %load/vec4 v0xe91980_0;
    %inv;
    %store/vec4 v0xe91980_0, 0, 1;
    %jmp T_9;
    .thread T_9;
    .scope S_0xe26960;
T_10 ;
    %wait E_0xe4a718;
    %load/vec4 v0xe91b38_0;
    %pad/u 2;
    %addi 1, 0, 2;
    %pad/u 1;
    %store/vec4 v0xe91b38_0, 0, 1;
    %load/vec4 v0xe91b38_0;
    %load/vec4 v0xe91ae0_0;
    %cmp/e;
    %jmp/0xz  T_10.0, 4;
    %pushi/vec4 0, 0, 1;
    %store/vec4 v0xe91b38_0, 0, 1;
    %load/vec4 v0xe91a88_0;
    %addi 1, 0, 2;
    %store/vec4 v0xe91a88_0, 0, 2;
T_10.0 ;
    %jmp T_10;
    .thread T_10;
    .scope S_0xe26960;
T_11 ;
    %wait E_0xe4a718;
    %load/vec4 v0xe91cf0_0;
    %pad/u 2;
    %addi 1, 0, 2;
    %pad/u 1;
    %store/vec4 v0xe91cf0_0, 0, 1;
    %load/vec4 v0xe91a20_0;
    %load/vec4 v0xe91cf0_0;
    %pad/u 32;
    %subi 1, 0, 32;
    %ix/vec4 4;
    %store/vec4 v0xe91e08_0, 4, 1;
    %load/vec4 v0xe91cf0_0;
    %load/vec4 v0xe91c98_0;
    %cmp/e;
    %jmp/0xz  T_11.0, 4;
    %pushi/vec4 0, 0, 1;
    %store/vec4 v0xe91cf0_0, 0, 1;
    %load/vec4 v0xe91e08_0;
    %store/vec4 v0xe91d90_0, 0, 8;
T_11.0 ;
    %jmp T_11;
    .thread T_11;
# The file index is used to find the file name in the following table.
:file_names 6;
    "N/A";
    "<interactive>";
    "tb_top.v";
    "top.v";
    "sin_and_cos.v";
    "qam_mixer.v";
